<?xml version="1.0" encoding="UTF-8"?>
<testsuite xmlns:xsi="http://www.w3.org/2001/XMLSchema-instance" xsi:noNamespaceSchemaLocation="https://maven.apache.org/surefire/maven-surefire-plugin/xsd/surefire-test-report.xsd" name="TestSuite" time="1,396.902" tests="10" errors="0" skipped="0" failures="10">
  <properties>
    <property name="java.specification.version" value="20"/>
    <property name="sun.cpu.isalist" value="amd64"/>
    <property name="sun.jnu.encoding" value="Cp1252"/>
    <property name="java.class.path" value="C:\Users\MERC20236872\.m2\repository\org\apache\maven\surefire\surefire-booter\3.0.0-M1\surefire-booter-3.0.0-M1.jar;C:\Users\MERC20236872\.m2\repository\org\apache\maven\surefire\surefire-api\3.0.0-M1\surefire-api-3.0.0-M1.jar;C:\Users\MERC20236872\.m2\repository\org\apache\maven\surefire\surefire-logger-api\3.0.0-M1\surefire-logger-api-3.0.0-M1.jar;D:\IOS_2\mlwallet-ios\target\test-classes;D:\IOS_2\mlwallet-ios\target\classes;C:\Users\MERC20236872\.m2\repository\io\appium\java-client\7.2.0\java-client-7.2.0.jar;C:\Users\MERC20236872\.m2\repository\org\seleniumhq\selenium\selenium-support\3.141.59\selenium-support-3.141.59.jar;C:\Users\MERC20236872\.m2\repository\org\seleniumhq\selenium\selenium-api\3.141.59\selenium-api-3.141.59.jar;C:\Users\MERC20236872\.m2\repository\com\google\code\gson\gson\2.8.5\gson-2.8.5.jar;C:\Users\MERC20236872\.m2\repository\org\apache\httpcomponents\httpclient\4.5.9\httpclient-4.5.9.jar;C:\Users\MERC20236872\.m2\repository\cglib\cglib\3.2.12\cglib-3.2.12.jar;C:\Users\MERC20236872\.m2\repository\org\ow2\asm\asm\7.1\asm-7.1.jar;C:\Users\MERC20236872\.m2\repository\commons-io\commons-io\2.6\commons-io-2.6.jar;C:\Users\MERC20236872\.m2\repository\org\springframework\spring-context\5.1.8.RELEASE\spring-context-5.1.8.RELEASE.jar;C:\Users\MERC20236872\.m2\repository\org\springframework\spring-aop\5.1.8.RELEASE\spring-aop-5.1.8.RELEASE.jar;C:\Users\MERC20236872\.m2\repository\org\springframework\spring-beans\5.1.8.RELEASE\spring-beans-5.1.8.RELEASE.jar;C:\Users\MERC20236872\.m2\repository\org\springframework\spring-core\5.1.8.RELEASE\spring-core-5.1.8.RELEASE.jar;C:\Users\MERC20236872\.m2\repository\org\springframework\spring-jcl\5.1.8.RELEASE\spring-jcl-5.1.8.RELEASE.jar;C:\Users\MERC20236872\.m2\repository\org\springframework\spring-expression\5.1.8.RELEASE\spring-expression-5.1.8.RELEASE.jar;C:\Users\MERC20236872\.m2\repository\org\aspectj\aspectjweaver\1.9.4\aspectjweaver-1.9.4.jar;C:\Users\MERC20236872\.m2\repository\org\slf4j\slf4j-api\1.7.26\slf4j-api-1.7.26.jar;C:\Users\MERC20236872\.m2\repository\org\seleniumhq\selenium\selenium-java\3.141.59\selenium-java-3.141.59.jar;C:\Users\MERC20236872\.m2\repository\org\seleniumhq\selenium\selenium-chrome-driver\3.141.59\selenium-chrome-driver-3.141.59.jar;C:\Users\MERC20236872\.m2\repository\org\seleniumhq\selenium\selenium-edge-driver\3.141.59\selenium-edge-driver-3.141.59.jar;C:\Users\MERC20236872\.m2\repository\org\seleniumhq\selenium\selenium-firefox-driver\3.141.59\selenium-firefox-driver-3.141.59.jar;C:\Users\MERC20236872\.m2\repository\org\seleniumhq\selenium\selenium-ie-driver\3.141.59\selenium-ie-driver-3.141.59.jar;C:\Users\MERC20236872\.m2\repository\org\seleniumhq\selenium\selenium-opera-driver\3.141.59\selenium-opera-driver-3.141.59.jar;C:\Users\MERC20236872\.m2\repository\org\seleniumhq\selenium\selenium-remote-driver\3.141.59\selenium-remote-driver-3.141.59.jar;C:\Users\MERC20236872\.m2\repository\org\seleniumhq\selenium\selenium-safari-driver\3.141.59\selenium-safari-driver-3.141.59.jar;C:\Users\MERC20236872\.m2\repository\net\bytebuddy\byte-buddy\1.8.15\byte-buddy-1.8.15.jar;C:\Users\MERC20236872\.m2\repository\org\apache\commons\commons-exec\1.3\commons-exec-1.3.jar;C:\Users\MERC20236872\.m2\repository\com\squareup\okhttp3\okhttp\3.11.0\okhttp-3.11.0.jar;C:\Users\MERC20236872\.m2\repository\com\squareup\okio\okio\1.14.0\okio-1.14.0.jar;C:\Users\MERC20236872\.m2\repository\io\github\bonigarcia\webdrivermanager\5.5.3\webdrivermanager-5.5.3.jar;C:\Users\MERC20236872\.m2\repository\com\github\docker-java\docker-java\3.3.3\docker-java-3.3.3.jar;C:\Users\MERC20236872\.m2\repository\com\github\docker-java\docker-java-core\3.3.3\docker-java-core-3.3.3.jar;C:\Users\MERC20236872\.m2\repository\com\github\docker-java\docker-java-api\3.3.3\docker-java-api-3.3.3.jar;C:\Users\MERC20236872\.m2\repository\org\bouncycastle\bcpkix-jdk18on\1.75\bcpkix-jdk18on-1.75.jar;C:\Users\MERC20236872\.m2\repository\org\bouncycastle\bcprov-jdk18on\1.75\bcprov-jdk18on-1.75.jar;C:\Users\MERC20236872\.m2\repository\org\bouncycastle\bcutil-jdk18on\1.75\bcutil-jdk18on-1.75.jar;C:\Users\MERC20236872\.m2\repository\org\slf4j\jcl-over-slf4j\1.7.30\jcl-over-slf4j-1.7.30.jar;C:\Users\MERC20236872\.m2\repository\com\github\docker-java\docker-java-transport-httpclient5\3.3.3\docker-java-transport-httpclient5-3.3.3.jar;C:\Users\MERC20236872\.m2\repository\com\github\docker-java\docker-java-transport\3.3.3\docker-java-transport-3.3.3.jar;C:\Users\MERC20236872\.m2\repository\net\java\dev\jna\jna\5.12.1\jna-5.12.1.jar;C:\Users\MERC20236872\.m2\repository\org\brotli\dec\0.1.2\dec-0.1.2.jar;C:\Users\MERC20236872\.m2\repository\org\apache\httpcomponents\client5\httpclient5\5.2.1\httpclient5-5.2.1.jar;C:\Users\MERC20236872\.m2\repository\org\apache\httpcomponents\core5\httpcore5\5.2\httpcore5-5.2.jar;C:\Users\MERC20236872\.m2\repository\org\apache\httpcomponents\core5\httpcore5-h2\5.2\httpcore5-h2-5.2.jar;C:\Users\MERC20236872\.m2\repository\com\influxdb\influxdb-client-java\6.8.0\influxdb-client-java-6.8.0.jar;C:\Users\MERC20236872\.m2\repository\com\influxdb\influxdb-client-core\6.8.0\influxdb-client-core-6.8.0.jar;C:\Users\MERC20236872\.m2\repository\com\influxdb\influxdb-client-utils\6.8.0\influxdb-client-utils-6.8.0.jar;C:\Users\MERC20236872\.m2\repository\com\squareup\retrofit2\retrofit\2.9.0\retrofit-2.9.0.jar;C:\Users\MERC20236872\.m2\repository\com\squareup\okhttp3\logging-interceptor\4.10.0\logging-interceptor-4.10.0.jar;C:\Users\MERC20236872\.m2\repository\org\apache\commons\commons-csv\1.9.0\commons-csv-1.9.0.jar;C:\Users\MERC20236872\.m2\repository\io\reactivex\rxjava3\rxjava\3.1.5\rxjava-3.1.5.jar;C:\Users\MERC20236872\.m2\repository\org\reactivestreams\reactive-streams\1.0.4\reactive-streams-1.0.4.jar;C:\Users\MERC20236872\.m2\repository\com\squareup\retrofit2\adapter-rxjava3\2.9.0\adapter-rxjava3-2.9.0.jar;C:\Users\MERC20236872\.m2\repository\com\squareup\retrofit2\converter-scalars\2.9.0\converter-scalars-2.9.0.jar;C:\Users\MERC20236872\.m2\repository\com\squareup\retrofit2\converter-gson\2.9.0\converter-gson-2.9.0.jar;C:\Users\MERC20236872\.m2\repository\com\google\code\findbugs\jsr305\3.0.2\jsr305-3.0.2.jar;C:\Users\MERC20236872\.m2\repository\org\jetbrains\kotlin\kotlin-stdlib\1.5.30\kotlin-stdlib-1.5.30.jar;C:\Users\MERC20236872\.m2\repository\org\jetbrains\annotations\13.0\annotations-13.0.jar;C:\Users\MERC20236872\.m2\repository\org\jetbrains\kotlin\kotlin-stdlib-common\1.5.30\kotlin-stdlib-common-1.5.30.jar;C:\Users\MERC20236872\.m2\repository\org\testng\testng\7.1.0\testng-7.1.0.jar;C:\Users\MERC20236872\.m2\repository\com\beust\jcommander\1.72\jcommander-1.72.jar;C:\Users\MERC20236872\.m2\repository\com\google\inject\guice\4.1.0\guice-4.1.0-no_aop.jar;C:\Users\MERC20236872\.m2\repository\javax\inject\javax.inject\1\javax.inject-1.jar;C:\Users\MERC20236872\.m2\repository\aopalliance\aopalliance\1.0\aopalliance-1.0.jar;C:\Users\MERC20236872\.m2\repository\org\yaml\snakeyaml\1.21\snakeyaml-1.21.jar;C:\Users\MERC20236872\.m2\repository\org\apache\poi\poi\4.1.1\poi-4.1.1.jar;C:\Users\MERC20236872\.m2\repository\commons-codec\commons-codec\1.13\commons-codec-1.13.jar;C:\Users\MERC20236872\.m2\repository\org\apache\commons\commons-collections4\4.4\commons-collections4-4.4.jar;C:\Users\MERC20236872\.m2\repository\org\apache\commons\commons-math3\3.6.1\commons-math3-3.6.1.jar;C:\Users\MERC20236872\.m2\repository\org\apache\poi\poi-ooxml\4.1.1\poi-ooxml-4.1.1.jar;C:\Users\MERC20236872\.m2\repository\org\apache\poi\poi-ooxml-schemas\4.1.1\poi-ooxml-schemas-4.1.1.jar;C:\Users\MERC20236872\.m2\repository\org\apache\commons\commons-compress\1.19\commons-compress-1.19.jar;C:\Users\MERC20236872\.m2\repository\com\github\virtuald\curvesapi\1.06\curvesapi-1.06.jar;C:\Users\MERC20236872\.m2\repository\org\apache\xmlbeans\xmlbeans\3.1.0\xmlbeans-3.1.0.jar;C:\Users\MERC20236872\.m2\repository\log4j\log4j\1.2.17\log4j-1.2.17.jar;C:\Users\MERC20236872\.m2\repository\org\slf4j\slf4j-jdk14\1.7.25\slf4j-jdk14-1.7.25.jar;C:\Users\MERC20236872\.m2\repository\com\google\guava\guava\23.0\guava-23.0.jar;C:\Users\MERC20236872\.m2\repository\com\google\errorprone\error_prone_annotations\2.0.18\error_prone_annotations-2.0.18.jar;C:\Users\MERC20236872\.m2\repository\com\google\j2objc\j2objc-annotations\1.1\j2objc-annotations-1.1.jar;C:\Users\MERC20236872\.m2\repository\org\codehaus\mojo\animal-sniffer-annotations\1.14\animal-sniffer-annotations-1.14.jar;C:\Users\MERC20236872\.m2\repository\com\aventstack\extentreports\4.0.9\extentreports-4.0.9.jar;C:\Users\MERC20236872\.m2\repository\org\freemarker\freemarker\2.3.23\freemarker-2.3.23.jar;C:\Users\MERC20236872\.m2\repository\org\mongodb\mongodb-driver\3.3.0\mongodb-driver-3.3.0.jar;C:\Users\MERC20236872\.m2\repository\org\mongodb\mongodb-driver-core\3.3.0\mongodb-driver-core-3.3.0.jar;C:\Users\MERC20236872\.m2\repository\org\mongodb\bson\3.3.0\bson-3.3.0.jar;C:\Users\MERC20236872\.m2\repository\org\apache\httpcomponents\httpmime\4.5.2\httpmime-4.5.2.jar;C:\Users\MERC20236872\.m2\repository\io\rest-assured\rest-assured\4.3.0\rest-assured-4.3.0.jar;C:\Users\MERC20236872\.m2\repository\org\codehaus\groovy\groovy\3.0.2\groovy-3.0.2.jar;C:\Users\MERC20236872\.m2\repository\org\codehaus\groovy\groovy-xml\3.0.2\groovy-xml-3.0.2.jar;C:\Users\MERC20236872\.m2\repository\org\hamcrest\hamcrest\2.1\hamcrest-2.1.jar;C:\Users\MERC20236872\.m2\repository\org\ccil\cowan\tagsoup\tagsoup\1.2.1\tagsoup-1.2.1.jar;C:\Users\MERC20236872\.m2\repository\io\rest-assured\json-path\4.3.0\json-path-4.3.0.jar;C:\Users\MERC20236872\.m2\repository\org\codehaus\groovy\groovy-json\3.0.2\groovy-json-3.0.2.jar;C:\Users\MERC20236872\.m2\repository\io\rest-assured\rest-assured-common\4.3.0\rest-assured-common-4.3.0.jar;C:\Users\MERC20236872\.m2\repository\io\rest-assured\xml-path\4.3.0\xml-path-4.3.0.jar;C:\Users\MERC20236872\.m2\repository\jakarta\xml\bind\jakarta.xml.bind-api\2.3.2\jakarta.xml.bind-api-2.3.2.jar;C:\Users\MERC20236872\.m2\repository\jakarta\activation\jakarta.activation-api\1.2.1\jakarta.activation-api-1.2.1.jar;C:\Users\MERC20236872\.m2\repository\com\sun\xml\bind\jaxb-osgi\2.3.0.1\jaxb-osgi-2.3.0.1.jar;C:\Users\MERC20236872\.m2\repository\org\apache\sling\org.apache.sling.javax.activation\0.1.0\org.apache.sling.javax.activation-0.1.0.jar;C:\Users\MERC20236872\.m2\repository\org\apache\commons\commons-lang3\3.8.1\commons-lang3-3.8.1.jar;C:\Users\MERC20236872\.m2\repository\org\codehaus\groovy\groovy-all\2.3.5\groovy-all-2.3.5.jar;C:\Users\MERC20236872\.m2\repository\org\json\json\20180813\json-20180813.jar;C:\Users\MERC20236872\.m2\repository\com\opencsv\opencsv\3.3\opencsv-3.3.jar;C:\Users\MERC20236872\.m2\repository\net\sourceforge\javacsv\javacsv\2.0\javacsv-2.0.jar;C:\Users\MERC20236872\.m2\repository\javax\mail\javax.mail-api\1.5.5\javax.mail-api-1.5.5.jar;C:\Users\MERC20236872\.m2\repository\org\apache\httpcomponents\httpcore\4.4.11\httpcore-4.4.11.jar;C:\Users\MERC20236872\.m2\repository\org\apache\axis\axis\1.4\axis-1.4.jar;C:\Users\MERC20236872\.m2\repository\com\sun\mail\javax.mail\1.6.0\javax.mail-1.6.0.jar;C:\Users\MERC20236872\.m2\repository\javax\activation\activation\1.1\activation-1.1.jar;C:\Users\MERC20236872\.m2\repository\commons-validator\commons-validator\1.6\commons-validator-1.6.jar;C:\Users\MERC20236872\.m2\repository\commons-beanutils\commons-beanutils\1.9.2\commons-beanutils-1.9.2.jar;C:\Users\MERC20236872\.m2\repository\commons-digester\commons-digester\1.8.1\commons-digester-1.8.1.jar;C:\Users\MERC20236872\.m2\repository\commons-logging\commons-logging\1.2\commons-logging-1.2.jar;C:\Users\MERC20236872\.m2\repository\commons-collections\commons-collections\3.2.2\commons-collections-3.2.2.jar;C:\Users\MERC20236872\.m2\repository\javax\xml\bind\jaxb-api\2.3.1\jaxb-api-2.3.1.jar;C:\Users\MERC20236872\.m2\repository\javax\activation\javax.activation-api\1.2.0\javax.activation-api-1.2.0.jar;C:\Users\MERC20236872\.m2\repository\com\applitools\eyes-images-java3\3.158.9\eyes-images-java3-3.158.9.jar;C:\Users\MERC20236872\.m2\repository\com\applitools\eyes-common-java3\3.158.9\eyes-common-java3-3.158.9.jar;C:\Users\MERC20236872\.m2\repository\org\imgscalr\imgscalr-lib\4.2\imgscalr-lib-4.2.jar;C:\Users\MERC20236872\.m2\repository\com\helger\ph-css\6.1.1\ph-css-6.1.1.jar;C:\Users\MERC20236872\.m2\repository\com\helger\ph-commons\9.0.2\ph-commons-9.0.2.jar;C:\Users\MERC20236872\.m2\repository\org\jsoup\jsoup\1.8.3\jsoup-1.8.3.jar;C:\Users\MERC20236872\.m2\repository\com\applitools\eyes-sdk-core-java3\3.158.9\eyes-sdk-core-java3-3.158.9.jar;C:\Users\MERC20236872\.m2\repository\com\applitools\eyes-connectivity-java3-jersey2x\3.158.9\eyes-connectivity-java3-jersey2x-3.158.9.jar;C:\Users\MERC20236872\.m2\repository\org\glassfish\jersey\connectors\jersey-apache-connector\2.29\jersey-apache-connector-2.29.jar;C:\Users\MERC20236872\.m2\repository\org\glassfish\jersey\core\jersey-common\2.29\jersey-common-2.29.jar;C:\Users\MERC20236872\.m2\repository\jakarta\annotation\jakarta.annotation-api\1.3.4\jakarta.annotation-api-1.3.4.jar;C:\Users\MERC20236872\.m2\repository\org\glassfish\hk2\osgi-resource-locator\1.0.3\osgi-resource-locator-1.0.3.jar;C:\Users\MERC20236872\.m2\repository\com\sun\activation\jakarta.activation\1.2.1\jakarta.activation-1.2.1.jar;C:\Users\MERC20236872\.m2\repository\jakarta\ws\rs\jakarta.ws.rs-api\2.1.5\jakarta.ws.rs-api-2.1.5.jar;C:\Users\MERC20236872\.m2\repository\org\glassfish\jersey\core\jersey-client\2.29\jersey-client-2.29.jar;C:\Users\MERC20236872\.m2\repository\org\glassfish\hk2\external\jakarta.inject\2.5.0\jakarta.inject-2.5.0.jar;C:\Users\MERC20236872\.m2\repository\org\glassfish\jersey\inject\jersey-hk2\2.29\jersey-hk2-2.29.jar;C:\Users\MERC20236872\.m2\repository\org\glassfish\hk2\hk2-locator\2.5.0\hk2-locator-2.5.0.jar;C:\Users\MERC20236872\.m2\repository\org\glassfish\hk2\external\aopalliance-repackaged\2.5.0\aopalliance-repackaged-2.5.0.jar;C:\Users\MERC20236872\.m2\repository\org\glassfish\hk2\hk2-api\2.5.0\hk2-api-2.5.0.jar;C:\Users\MERC20236872\.m2\repository\org\glassfish\hk2\hk2-utils\2.5.0\hk2-utils-2.5.0.jar;C:\Users\MERC20236872\.m2\repository\org\javassist\javassist\3.22.0-CR2\javassist-3.22.0-CR2.jar;C:\Users\MERC20236872\.m2\repository\com\epam\reportportal\agent-java-testng\5.0.7\agent-java-testng-5.0.7.jar;C:\Users\MERC20236872\.m2\repository\com\epam\reportportal\client-java\5.0.6\client-java-5.0.6.jar;C:\Users\MERC20236872\.m2\repository\org\aspectj\aspectjrt\1.9.2\aspectjrt-1.9.2.jar;C:\Users\MERC20236872\.m2\repository\io\reactivex\rxjava2\rxjava\2.2.10\rxjava-2.2.10.jar;C:\Users\MERC20236872\.m2\repository\org\apache\tika\tika-core\1.4\tika-core-1.4.jar;C:\Users\MERC20236872\.m2\repository\com\epam\reportportal\commons-model\5.0.0\commons-model-5.0.0.jar;C:\Users\MERC20236872\.m2\repository\io\swagger\swagger-annotations\1.5.24\swagger-annotations-1.5.24.jar;C:\Users\MERC20236872\.m2\repository\javax\validation\validation-api\2.0.1.Final\validation-api-2.0.1.Final.jar;C:\Users\MERC20236872\.m2\repository\com\fasterxml\jackson\core\jackson-databind\2.13.0\jackson-databind-2.13.0.jar;C:\Users\MERC20236872\.m2\repository\com\fasterxml\jackson\core\jackson-annotations\2.13.0\jackson-annotations-2.13.0.jar;C:\Users\MERC20236872\.m2\repository\com\fasterxml\jackson\core\jackson-core\2.13.0\jackson-core-2.13.0.jar;C:\Users\MERC20236872\.m2\repository\com\mysql\mysql-connector-j\8.0.33\mysql-connector-j-8.0.33.jar;C:\Users\MERC20236872\.m2\repository\com\google\protobuf\protobuf-java\3.21.9\protobuf-java-3.21.9.jar;C:\Users\MERC20236872\.m2\repository\ch\qos\logback\logback-classic\1.2.3\logback-classic-1.2.3.jar;C:\Users\MERC20236872\.m2\repository\ch\qos\logback\logback-core\1.2.3\logback-core-1.2.3.jar;C:\Users\MERC20236872\.m2\repository\com\epam\reportportal\logger-java-log4j\5.0.1\logger-java-log4j-5.0.1.jar;C:\Users\MERC20236872\.m2\repository\org\apache\logging\log4j\log4j-api\2.15.0\log4j-api-2.15.0.jar;C:\Users\MERC20236872\.m2\repository\org\apache\logging\log4j\log4j-core\2.15.0\log4j-core-2.15.0.jar;C:\Users\MERC20236872\.m2\repository\com\googlecode\json-simple\json-simple\1.1\json-simple-1.1.jar;C:\Users\MERC20236872\.m2\repository\com\github\json-template\jsontemplate\0.2.1\jsontemplate-0.2.1.jar;C:\Users\MERC20236872\.m2\repository\org\antlr\antlr4-runtime\4.7\antlr4-runtime-4.7.jar;C:\Users\MERC20236872\.m2\repository\com\codeborne\phantomjsdriver\1.5.0\phantomjsdriver-1.5.0.jar;C:\Users\MERC20236872\.m2\repository\org\apache\maven\surefire\surefire-testng\3.0.0-M1\surefire-testng-3.0.0-M1.jar;C:\Users\MERC20236872\.m2\repository\org\apache\maven\surefire\common-java5\3.0.0-M1\common-java5-3.0.0-M1.jar;C:\Users\MERC20236872\.m2\repository\org\apache\maven\surefire\surefire-testng-utils\3.0.0-M1\surefire-testng-utils-3.0.0-M1.jar;C:\Users\MERC20236872\.m2\repository\org\apache\maven\surefire\surefire-grouper\3.0.0-M1\surefire-grouper-3.0.0-M1.jar"/>
    <property name="java.vm.vendor" value="Oracle Corporation"/>
    <property name="sun.arch.data.model" value="64"/>
    <property name="user.variant" value=""/>
    <property name="java.vendor.url" value="https://java.oracle.com/"/>
    <property name="user.timezone" value="Asia/Manila"/>
    <property name="os.name" value="Windows 11"/>
    <property name="java.vm.specification.version" value="20"/>
    <property name="sun.java.launcher" value="SUN_STANDARD"/>
    <property name="user.country" value="PH"/>
    <property name="sun.boot.library.path" value="C:\Program Files\Java\jdk-20\bin"/>
    <property name="sun.java.command" value="org.apache.maven.surefire.booter.ForkedBooter C:\Users\MERC20236872\AppData\Local\Temp\surefire3977573933277970006 2024-03-06T14-31-27_506-jvmRun1 surefire11554610056301155814tmp surefire_05112488941871154655tmp"/>
    <property name="jdk.debug" value="release"/>
    <property name="surefire.test.class.path" value="D:\IOS_2\mlwallet-ios\target\test-classes;D:\IOS_2\mlwallet-ios\target\classes;C:\Users\MERC20236872\.m2\repository\io\appium\java-client\7.2.0\java-client-7.2.0.jar;C:\Users\MERC20236872\.m2\repository\org\seleniumhq\selenium\selenium-support\3.141.59\selenium-support-3.141.59.jar;C:\Users\MERC20236872\.m2\repository\org\seleniumhq\selenium\selenium-api\3.141.59\selenium-api-3.141.59.jar;C:\Users\MERC20236872\.m2\repository\com\google\code\gson\gson\2.8.5\gson-2.8.5.jar;C:\Users\MERC20236872\.m2\repository\org\apache\httpcomponents\httpclient\4.5.9\httpclient-4.5.9.jar;C:\Users\MERC20236872\.m2\repository\cglib\cglib\3.2.12\cglib-3.2.12.jar;C:\Users\MERC20236872\.m2\repository\org\ow2\asm\asm\7.1\asm-7.1.jar;C:\Users\MERC20236872\.m2\repository\commons-io\commons-io\2.6\commons-io-2.6.jar;C:\Users\MERC20236872\.m2\repository\org\springframework\spring-context\5.1.8.RELEASE\spring-context-5.1.8.RELEASE.jar;C:\Users\MERC20236872\.m2\repository\org\springframework\spring-aop\5.1.8.RELEASE\spring-aop-5.1.8.RELEASE.jar;C:\Users\MERC20236872\.m2\repository\org\springframework\spring-beans\5.1.8.RELEASE\spring-beans-5.1.8.RELEASE.jar;C:\Users\MERC20236872\.m2\repository\org\springframework\spring-core\5.1.8.RELEASE\spring-core-5.1.8.RELEASE.jar;C:\Users\MERC20236872\.m2\repository\org\springframework\spring-jcl\5.1.8.RELEASE\spring-jcl-5.1.8.RELEASE.jar;C:\Users\MERC20236872\.m2\repository\org\springframework\spring-expression\5.1.8.RELEASE\spring-expression-5.1.8.RELEASE.jar;C:\Users\MERC20236872\.m2\repository\org\aspectj\aspectjweaver\1.9.4\aspectjweaver-1.9.4.jar;C:\Users\MERC20236872\.m2\repository\org\slf4j\slf4j-api\1.7.26\slf4j-api-1.7.26.jar;C:\Users\MERC20236872\.m2\repository\org\seleniumhq\selenium\selenium-java\3.141.59\selenium-java-3.141.59.jar;C:\Users\MERC20236872\.m2\repository\org\seleniumhq\selenium\selenium-chrome-driver\3.141.59\selenium-chrome-driver-3.141.59.jar;C:\Users\MERC20236872\.m2\repository\org\seleniumhq\selenium\selenium-edge-driver\3.141.59\selenium-edge-driver-3.141.59.jar;C:\Users\MERC20236872\.m2\repository\org\seleniumhq\selenium\selenium-firefox-driver\3.141.59\selenium-firefox-driver-3.141.59.jar;C:\Users\MERC20236872\.m2\repository\org\seleniumhq\selenium\selenium-ie-driver\3.141.59\selenium-ie-driver-3.141.59.jar;C:\Users\MERC20236872\.m2\repository\org\seleniumhq\selenium\selenium-opera-driver\3.141.59\selenium-opera-driver-3.141.59.jar;C:\Users\MERC20236872\.m2\repository\org\seleniumhq\selenium\selenium-remote-driver\3.141.59\selenium-remote-driver-3.141.59.jar;C:\Users\MERC20236872\.m2\repository\org\seleniumhq\selenium\selenium-safari-driver\3.141.59\selenium-safari-driver-3.141.59.jar;C:\Users\MERC20236872\.m2\repository\net\bytebuddy\byte-buddy\1.8.15\byte-buddy-1.8.15.jar;C:\Users\MERC20236872\.m2\repository\org\apache\commons\commons-exec\1.3\commons-exec-1.3.jar;C:\Users\MERC20236872\.m2\repository\com\squareup\okhttp3\okhttp\3.11.0\okhttp-3.11.0.jar;C:\Users\MERC20236872\.m2\repository\com\squareup\okio\okio\1.14.0\okio-1.14.0.jar;C:\Users\MERC20236872\.m2\repository\io\github\bonigarcia\webdrivermanager\5.5.3\webdrivermanager-5.5.3.jar;C:\Users\MERC20236872\.m2\repository\com\github\docker-java\docker-java\3.3.3\docker-java-3.3.3.jar;C:\Users\MERC20236872\.m2\repository\com\github\docker-java\docker-java-core\3.3.3\docker-java-core-3.3.3.jar;C:\Users\MERC20236872\.m2\repository\com\github\docker-java\docker-java-api\3.3.3\docker-java-api-3.3.3.jar;C:\Users\MERC20236872\.m2\repository\org\bouncycastle\bcpkix-jdk18on\1.75\bcpkix-jdk18on-1.75.jar;C:\Users\MERC20236872\.m2\repository\org\bouncycastle\bcprov-jdk18on\1.75\bcprov-jdk18on-1.75.jar;C:\Users\MERC20236872\.m2\repository\org\bouncycastle\bcutil-jdk18on\1.75\bcutil-jdk18on-1.75.jar;C:\Users\MERC20236872\.m2\repository\org\slf4j\jcl-over-slf4j\1.7.30\jcl-over-slf4j-1.7.30.jar;C:\Users\MERC20236872\.m2\repository\com\github\docker-java\docker-java-transport-httpclient5\3.3.3\docker-java-transport-httpclient5-3.3.3.jar;C:\Users\MERC20236872\.m2\repository\com\github\docker-java\docker-java-transport\3.3.3\docker-java-transport-3.3.3.jar;C:\Users\MERC20236872\.m2\repository\net\java\dev\jna\jna\5.12.1\jna-5.12.1.jar;C:\Users\MERC20236872\.m2\repository\org\brotli\dec\0.1.2\dec-0.1.2.jar;C:\Users\MERC20236872\.m2\repository\org\apache\httpcomponents\client5\httpclient5\5.2.1\httpclient5-5.2.1.jar;C:\Users\MERC20236872\.m2\repository\org\apache\httpcomponents\core5\httpcore5\5.2\httpcore5-5.2.jar;C:\Users\MERC20236872\.m2\repository\org\apache\httpcomponents\core5\httpcore5-h2\5.2\httpcore5-h2-5.2.jar;C:\Users\MERC20236872\.m2\repository\com\influxdb\influxdb-client-java\6.8.0\influxdb-client-java-6.8.0.jar;C:\Users\MERC20236872\.m2\repository\com\influxdb\influxdb-client-core\6.8.0\influxdb-client-core-6.8.0.jar;C:\Users\MERC20236872\.m2\repository\com\influxdb\influxdb-client-utils\6.8.0\influxdb-client-utils-6.8.0.jar;C:\Users\MERC20236872\.m2\repository\com\squareup\retrofit2\retrofit\2.9.0\retrofit-2.9.0.jar;C:\Users\MERC20236872\.m2\repository\com\squareup\okhttp3\logging-interceptor\4.10.0\logging-interceptor-4.10.0.jar;C:\Users\MERC20236872\.m2\repository\org\apache\commons\commons-csv\1.9.0\commons-csv-1.9.0.jar;C:\Users\MERC20236872\.m2\repository\io\reactivex\rxjava3\rxjava\3.1.5\rxjava-3.1.5.jar;C:\Users\MERC20236872\.m2\repository\org\reactivestreams\reactive-streams\1.0.4\reactive-streams-1.0.4.jar;C:\Users\MERC20236872\.m2\repository\com\squareup\retrofit2\adapter-rxjava3\2.9.0\adapter-rxjava3-2.9.0.jar;C:\Users\MERC20236872\.m2\repository\com\squareup\retrofit2\converter-scalars\2.9.0\converter-scalars-2.9.0.jar;C:\Users\MERC20236872\.m2\repository\com\squareup\retrofit2\converter-gson\2.9.0\converter-gson-2.9.0.jar;C:\Users\MERC20236872\.m2\repository\com\google\code\findbugs\jsr305\3.0.2\jsr305-3.0.2.jar;C:\Users\MERC20236872\.m2\repository\org\jetbrains\kotlin\kotlin-stdlib\1.5.30\kotlin-stdlib-1.5.30.jar;C:\Users\MERC20236872\.m2\repository\org\jetbrains\annotations\13.0\annotations-13.0.jar;C:\Users\MERC20236872\.m2\repository\org\jetbrains\kotlin\kotlin-stdlib-common\1.5.30\kotlin-stdlib-common-1.5.30.jar;C:\Users\MERC20236872\.m2\repository\org\testng\testng\7.1.0\testng-7.1.0.jar;C:\Users\MERC20236872\.m2\repository\com\beust\jcommander\1.72\jcommander-1.72.jar;C:\Users\MERC20236872\.m2\repository\com\google\inject\guice\4.1.0\guice-4.1.0-no_aop.jar;C:\Users\MERC20236872\.m2\repository\javax\inject\javax.inject\1\javax.inject-1.jar;C:\Users\MERC20236872\.m2\repository\aopalliance\aopalliance\1.0\aopalliance-1.0.jar;C:\Users\MERC20236872\.m2\repository\org\yaml\snakeyaml\1.21\snakeyaml-1.21.jar;C:\Users\MERC20236872\.m2\repository\org\apache\poi\poi\4.1.1\poi-4.1.1.jar;C:\Users\MERC20236872\.m2\repository\commons-codec\commons-codec\1.13\commons-codec-1.13.jar;C:\Users\MERC20236872\.m2\repository\org\apache\commons\commons-collections4\4.4\commons-collections4-4.4.jar;C:\Users\MERC20236872\.m2\repository\org\apache\commons\commons-math3\3.6.1\commons-math3-3.6.1.jar;C:\Users\MERC20236872\.m2\repository\org\apache\poi\poi-ooxml\4.1.1\poi-ooxml-4.1.1.jar;C:\Users\MERC20236872\.m2\repository\org\apache\poi\poi-ooxml-schemas\4.1.1\poi-ooxml-schemas-4.1.1.jar;C:\Users\MERC20236872\.m2\repository\org\apache\commons\commons-compress\1.19\commons-compress-1.19.jar;C:\Users\MERC20236872\.m2\repository\com\github\virtuald\curvesapi\1.06\curvesapi-1.06.jar;C:\Users\MERC20236872\.m2\repository\org\apache\xmlbeans\xmlbeans\3.1.0\xmlbeans-3.1.0.jar;C:\Users\MERC20236872\.m2\repository\log4j\log4j\1.2.17\log4j-1.2.17.jar;C:\Users\MERC20236872\.m2\repository\org\slf4j\slf4j-jdk14\1.7.25\slf4j-jdk14-1.7.25.jar;C:\Users\MERC20236872\.m2\repository\com\google\guava\guava\23.0\guava-23.0.jar;C:\Users\MERC20236872\.m2\repository\com\google\errorprone\error_prone_annotations\2.0.18\error_prone_annotations-2.0.18.jar;C:\Users\MERC20236872\.m2\repository\com\google\j2objc\j2objc-annotations\1.1\j2objc-annotations-1.1.jar;C:\Users\MERC20236872\.m2\repository\org\codehaus\mojo\animal-sniffer-annotations\1.14\animal-sniffer-annotations-1.14.jar;C:\Users\MERC20236872\.m2\repository\com\aventstack\extentreports\4.0.9\extentreports-4.0.9.jar;C:\Users\MERC20236872\.m2\repository\org\freemarker\freemarker\2.3.23\freemarker-2.3.23.jar;C:\Users\MERC20236872\.m2\repository\org\mongodb\mongodb-driver\3.3.0\mongodb-driver-3.3.0.jar;C:\Users\MERC20236872\.m2\repository\org\mongodb\mongodb-driver-core\3.3.0\mongodb-driver-core-3.3.0.jar;C:\Users\MERC20236872\.m2\repository\org\mongodb\bson\3.3.0\bson-3.3.0.jar;C:\Users\MERC20236872\.m2\repository\org\apache\httpcomponents\httpmime\4.5.2\httpmime-4.5.2.jar;C:\Users\MERC20236872\.m2\repository\io\rest-assured\rest-assured\4.3.0\rest-assured-4.3.0.jar;C:\Users\MERC20236872\.m2\repository\org\codehaus\groovy\groovy\3.0.2\groovy-3.0.2.jar;C:\Users\MERC20236872\.m2\repository\org\codehaus\groovy\groovy-xml\3.0.2\groovy-xml-3.0.2.jar;C:\Users\MERC20236872\.m2\repository\org\hamcrest\hamcrest\2.1\hamcrest-2.1.jar;C:\Users\MERC20236872\.m2\repository\org\ccil\cowan\tagsoup\tagsoup\1.2.1\tagsoup-1.2.1.jar;C:\Users\MERC20236872\.m2\repository\io\rest-assured\json-path\4.3.0\json-path-4.3.0.jar;C:\Users\MERC20236872\.m2\repository\org\codehaus\groovy\groovy-json\3.0.2\groovy-json-3.0.2.jar;C:\Users\MERC20236872\.m2\repository\io\rest-assured\rest-assured-common\4.3.0\rest-assured-common-4.3.0.jar;C:\Users\MERC20236872\.m2\repository\io\rest-assured\xml-path\4.3.0\xml-path-4.3.0.jar;C:\Users\MERC20236872\.m2\repository\jakarta\xml\bind\jakarta.xml.bind-api\2.3.2\jakarta.xml.bind-api-2.3.2.jar;C:\Users\MERC20236872\.m2\repository\jakarta\activation\jakarta.activation-api\1.2.1\jakarta.activation-api-1.2.1.jar;C:\Users\MERC20236872\.m2\repository\com\sun\xml\bind\jaxb-osgi\2.3.0.1\jaxb-osgi-2.3.0.1.jar;C:\Users\MERC20236872\.m2\repository\org\apache\sling\org.apache.sling.javax.activation\0.1.0\org.apache.sling.javax.activation-0.1.0.jar;C:\Users\MERC20236872\.m2\repository\org\apache\commons\commons-lang3\3.8.1\commons-lang3-3.8.1.jar;C:\Users\MERC20236872\.m2\repository\org\codehaus\groovy\groovy-all\2.3.5\groovy-all-2.3.5.jar;C:\Users\MERC20236872\.m2\repository\org\json\json\20180813\json-20180813.jar;C:\Users\MERC20236872\.m2\repository\com\opencsv\opencsv\3.3\opencsv-3.3.jar;C:\Users\MERC20236872\.m2\repository\net\sourceforge\javacsv\javacsv\2.0\javacsv-2.0.jar;C:\Users\MERC20236872\.m2\repository\javax\mail\javax.mail-api\1.5.5\javax.mail-api-1.5.5.jar;C:\Users\MERC20236872\.m2\repository\org\apache\httpcomponents\httpcore\4.4.11\httpcore-4.4.11.jar;C:\Users\MERC20236872\.m2\repository\org\apache\axis\axis\1.4\axis-1.4.jar;C:\Users\MERC20236872\.m2\repository\com\sun\mail\javax.mail\1.6.0\javax.mail-1.6.0.jar;C:\Users\MERC20236872\.m2\repository\javax\activation\activation\1.1\activation-1.1.jar;C:\Users\MERC20236872\.m2\repository\commons-validator\commons-validator\1.6\commons-validator-1.6.jar;C:\Users\MERC20236872\.m2\repository\commons-beanutils\commons-beanutils\1.9.2\commons-beanutils-1.9.2.jar;C:\Users\MERC20236872\.m2\repository\commons-digester\commons-digester\1.8.1\commons-digester-1.8.1.jar;C:\Users\MERC20236872\.m2\repository\commons-logging\commons-logging\1.2\commons-logging-1.2.jar;C:\Users\MERC20236872\.m2\repository\commons-collections\commons-collections\3.2.2\commons-collections-3.2.2.jar;C:\Users\MERC20236872\.m2\repository\javax\xml\bind\jaxb-api\2.3.1\jaxb-api-2.3.1.jar;C:\Users\MERC20236872\.m2\repository\javax\activation\javax.activation-api\1.2.0\javax.activation-api-1.2.0.jar;C:\Users\MERC20236872\.m2\repository\com\applitools\eyes-images-java3\3.158.9\eyes-images-java3-3.158.9.jar;C:\Users\MERC20236872\.m2\repository\com\applitools\eyes-common-java3\3.158.9\eyes-common-java3-3.158.9.jar;C:\Users\MERC20236872\.m2\repository\org\imgscalr\imgscalr-lib\4.2\imgscalr-lib-4.2.jar;C:\Users\MERC20236872\.m2\repository\com\helger\ph-css\6.1.1\ph-css-6.1.1.jar;C:\Users\MERC20236872\.m2\repository\com\helger\ph-commons\9.0.2\ph-commons-9.0.2.jar;C:\Users\MERC20236872\.m2\repository\org\jsoup\jsoup\1.8.3\jsoup-1.8.3.jar;C:\Users\MERC20236872\.m2\repository\com\applitools\eyes-sdk-core-java3\3.158.9\eyes-sdk-core-java3-3.158.9.jar;C:\Users\MERC20236872\.m2\repository\com\applitools\eyes-connectivity-java3-jersey2x\3.158.9\eyes-connectivity-java3-jersey2x-3.158.9.jar;C:\Users\MERC20236872\.m2\repository\org\glassfish\jersey\connectors\jersey-apache-connector\2.29\jersey-apache-connector-2.29.jar;C:\Users\MERC20236872\.m2\repository\org\glassfish\jersey\core\jersey-common\2.29\jersey-common-2.29.jar;C:\Users\MERC20236872\.m2\repository\jakarta\annotation\jakarta.annotation-api\1.3.4\jakarta.annotation-api-1.3.4.jar;C:\Users\MERC20236872\.m2\repository\org\glassfish\hk2\osgi-resource-locator\1.0.3\osgi-resource-locator-1.0.3.jar;C:\Users\MERC20236872\.m2\repository\com\sun\activation\jakarta.activation\1.2.1\jakarta.activation-1.2.1.jar;C:\Users\MERC20236872\.m2\repository\jakarta\ws\rs\jakarta.ws.rs-api\2.1.5\jakarta.ws.rs-api-2.1.5.jar;C:\Users\MERC20236872\.m2\repository\org\glassfish\jersey\core\jersey-client\2.29\jersey-client-2.29.jar;C:\Users\MERC20236872\.m2\repository\org\glassfish\hk2\external\jakarta.inject\2.5.0\jakarta.inject-2.5.0.jar;C:\Users\MERC20236872\.m2\repository\org\glassfish\jersey\inject\jersey-hk2\2.29\jersey-hk2-2.29.jar;C:\Users\MERC20236872\.m2\repository\org\glassfish\hk2\hk2-locator\2.5.0\hk2-locator-2.5.0.jar;C:\Users\MERC20236872\.m2\repository\org\glassfish\hk2\external\aopalliance-repackaged\2.5.0\aopalliance-repackaged-2.5.0.jar;C:\Users\MERC20236872\.m2\repository\org\glassfish\hk2\hk2-api\2.5.0\hk2-api-2.5.0.jar;C:\Users\MERC20236872\.m2\repository\org\glassfish\hk2\hk2-utils\2.5.0\hk2-utils-2.5.0.jar;C:\Users\MERC20236872\.m2\repository\org\javassist\javassist\3.22.0-CR2\javassist-3.22.0-CR2.jar;C:\Users\MERC20236872\.m2\repository\com\epam\reportportal\agent-java-testng\5.0.7\agent-java-testng-5.0.7.jar;C:\Users\MERC20236872\.m2\repository\com\epam\reportportal\client-java\5.0.6\client-java-5.0.6.jar;C:\Users\MERC20236872\.m2\repository\org\aspectj\aspectjrt\1.9.2\aspectjrt-1.9.2.jar;C:\Users\MERC20236872\.m2\repository\io\reactivex\rxjava2\rxjava\2.2.10\rxjava-2.2.10.jar;C:\Users\MERC20236872\.m2\repository\org\apache\tika\tika-core\1.4\tika-core-1.4.jar;C:\Users\MERC20236872\.m2\repository\com\epam\reportportal\commons-model\5.0.0\commons-model-5.0.0.jar;C:\Users\MERC20236872\.m2\repository\io\swagger\swagger-annotations\1.5.24\swagger-annotations-1.5.24.jar;C:\Users\MERC20236872\.m2\repository\javax\validation\validation-api\2.0.1.Final\validation-api-2.0.1.Final.jar;C:\Users\MERC20236872\.m2\repository\com\fasterxml\jackson\core\jackson-databind\2.13.0\jackson-databind-2.13.0.jar;C:\Users\MERC20236872\.m2\repository\com\fasterxml\jackson\core\jackson-annotations\2.13.0\jackson-annotations-2.13.0.jar;C:\Users\MERC20236872\.m2\repository\com\fasterxml\jackson\core\jackson-core\2.13.0\jackson-core-2.13.0.jar;C:\Users\MERC20236872\.m2\repository\com\mysql\mysql-connector-j\8.0.33\mysql-connector-j-8.0.33.jar;C:\Users\MERC20236872\.m2\repository\com\google\protobuf\protobuf-java\3.21.9\protobuf-java-3.21.9.jar;C:\Users\MERC20236872\.m2\repository\ch\qos\logback\logback-classic\1.2.3\logback-classic-1.2.3.jar;C:\Users\MERC20236872\.m2\repository\ch\qos\logback\logback-core\1.2.3\logback-core-1.2.3.jar;C:\Users\MERC20236872\.m2\repository\com\epam\reportportal\logger-java-log4j\5.0.1\logger-java-log4j-5.0.1.jar;C:\Users\MERC20236872\.m2\repository\org\apache\logging\log4j\log4j-api\2.15.0\log4j-api-2.15.0.jar;C:\Users\MERC20236872\.m2\repository\org\apache\logging\log4j\log4j-core\2.15.0\log4j-core-2.15.0.jar;C:\Users\MERC20236872\.m2\repository\com\googlecode\json-simple\json-simple\1.1\json-simple-1.1.jar;C:\Users\MERC20236872\.m2\repository\com\github\json-template\jsontemplate\0.2.1\jsontemplate-0.2.1.jar;C:\Users\MERC20236872\.m2\repository\org\antlr\antlr4-runtime\4.7\antlr4-runtime-4.7.jar;C:\Users\MERC20236872\.m2\repository\com\codeborne\phantomjsdriver\1.5.0\phantomjsdriver-1.5.0.jar;"/>
    <property name="sun.cpu.endian" value="little"/>
    <property name="user.home" value="C:\Users\MERC20236872"/>
    <property name="user.language" value="en"/>
    <property name="java.specification.vendor" value="Oracle Corporation"/>
    <property name="java.version.date" value="2023-04-18"/>
    <property name="java.home" value="C:\Program Files\Java\jdk-20"/>
    <property name="file.separator" value="\"/>
    <property name="basedir" value="D:\IOS_2\mlwallet-ios"/>
    <property name="java.vm.compressedOopsMode" value="Zero based"/>
    <property name="line.separator" value="&#10;"/>
    <property name="java.vm.specification.vendor" value="Oracle Corporation"/>
    <property name="java.specification.name" value="Java Platform API Specification"/>
    <property name="user.script" value=""/>
    <property name="sun.management.compiler" value="HotSpot 64-Bit Tiered Compilers"/>
    <property name="java.runtime.version" value="20.0.1+9-29"/>
    <property name="user.name" value="MERC20236872"/>
    <property name="stdout.encoding" value="Cp1252"/>
    <property name="path.separator" value=";"/>
    <property name="os.version" value="10.0"/>
    <property name="java.runtime.name" value="Java(TM) SE Runtime Environment"/>
    <property name="file.encoding" value="UTF-8"/>
    <property name="browser" value=""/>
    <property name="java.vm.name" value="Java HotSpot(TM) 64-Bit Server VM"/>
    <property name="localRepository" value="C:\Users\MERC20236872\.m2\repository"/>
    <property name="java.vendor.url.bug" value="https://bugreport.java.com/bugreport/"/>
    <property name="java.io.tmpdir" value="C:\Users\MERC20~1\AppData\Local\Temp\"/>
    <property name="java.version" value="20.0.1"/>
    <property name="user.dir" value="D:\IOS_2\mlwallet-ios"/>
    <property name="os.arch" value="amd64"/>
    <property name="java.vm.specification.name" value="Java Virtual Machine Specification"/>
    <property name="env" value="sit"/>
    <property name="sun.os.patch.level" value=""/>
    <property name="native.encoding" value="Cp1252"/>
    <property name="java.library.path" value="C:\Program Files\Java\jdk-20\bin;C:\WINDOWS\Sun\Java\bin;C:\WINDOWS\system32;C:\WINDOWS;C:\Program Files\Common Files\Oracle\Java\javapath;C:\WINDOWS\system32;C:\WINDOWS;C:\WINDOWS\System32\Wbem;C:\WINDOWS\System32\WindowsPowerShell\v1.0\;C:\WINDOWS\System32\OpenSSH\;C:\Program Files\Java\jdk-20\bin;C:\apache-maven-3.9.2\bin;C:\Program Files\nodejs\;C:\Users\MERC20236872\AppData\Local\Android\Sdk\tools;C:\Users\MERC20236872\AppData\Local\Android\Sdk\tools\bin;C:\Users\MERC20236872\AppData\Local\Android\Sdk\platforms;C:\Users\MERC20236872\AppData\Local\Android\Sdk\platform-tools;C:\Program Files\PuTTY\;C:\Users\MERC20236872\AppData\Local\Programs\Git\cmd;C:\Users\MERC20236872\AppData\Local\Programs\Git\bin\git.exe;;C:\Program Files\Crucial\Crucial Storage Executive;C:\Users\MERC20236872\AppData\Local\Microsoft\WindowsApps;C:\Users\MERC20236872\AppData\Local\Programs\Microsoft VS Code\bin;C:\Users\MERC20236872\AppData\Local\Programs\Git\cmd;C:\Users\MERC20236872\AppData\Local\JetBrains\IntelliJ IDEA Community Edition 2023.1.3\bin;;C:\Users\MERC20236872\AppData\Roaming\npm;C:\Users\MERC20236872\AppData\Local\GitHubDesktop\bin;."/>
    <property name="java.vm.info" value="mixed mode, sharing"/>
    <property name="stderr.encoding" value="Cp1252"/>
    <property name="java.vendor" value="Oracle Corporation"/>
    <property name="java.vm.version" value="20.0.1+9-29"/>
    <property name="sun.io.unicode.encoding" value="UnicodeLittle"/>
    <property name="java.class.version" value="64.0"/>
  </properties>
  <testcase name="buyELoadSuccessfulTransactionUIValidation_BE_TC_26" classname="com.mlwallet.test.HappyPathScripts" time="252.839">
    <failure message="An element could not be located on the page using the given search parameters. (WARNING: The server did not provide any stacktrace information)&#10;Command duration or timeout: 0 milliseconds&#10;For documentation on this error, please visit: https://www.seleniumhq.org/exceptions/no_such_element.html&#10;Build info: version: &apos;3.141.59&apos;, revision: &apos;e82be7d358&apos;, time: &apos;2018-11-14T08:17:03&apos;&#10;System info: host: &apos;HOTGDEV094&apos;, ip: &apos;10.0.8.68&apos;, os.name: &apos;Windows 11&apos;, os.arch: &apos;amd64&apos;, os.version: &apos;10.0&apos;, java.version: &apos;20.0.1&apos;&#10;Driver info: io.appium.java_client.ios.IOSDriver&#10;Capabilities {64bit: false, acceptSslCert: false, acceptSslCerts: false, automationName: XCUITest, biometricUserOptionAccessible: false, bootstrapPath: /usr/local/.browserstack/co..., browserName: , browserstack.appium_version: 1.21.0, browserstack.isTargetBased: false, browserstack.is_hub_canary: false, browserstack.minOSVersion: 12.4, bundleID: com.mlhuillier.mlwallet, bundleId: com.mlhuillier.mlwallet, capabilities: {64bit: false, acceptSslCert: false, acceptSslCerts: false, automationName: XCUITest, biometricUserOptionAccessible: false, bootstrapPath: /usr/local/.browserstack/co..., browserName: , browserstack.appium_version: 1.21.0, browserstack.isTargetBased: false, browserstack.is_hub_canary: false, browserstack.minOSVersion: 12.4, bundleID: com.mlhuillier.mlwallet, bundleId: com.mlhuillier.mlwallet, custom_replay_kit_params: {&quot;rotation&quot;:&quot;false&quot;,&quot;captur..., databaseEnabled: false, detected_language: selenium/3.141.59 (java win..., device: iphone, deviceName: iPhone 13 Pro Max, deviceOrientation: PORTRAIT, javascriptEnabled: true, locationContextEnabled: false, mobile: {browser: mobile, version: iPhone 13 Pro Max-15.6}, networkConnectionEnabled: false, newCommandTimeout: 0, new_bucketing: true, noReset: true, orientation: PORTRAIT, orig_os: ios, platform: MAC, platformName: iOS, realMobile: true, safariIgnoreFraudWarning: true, safariInitialUrl: http://mobile-internet-chec..., sessionId: 10cc2aeea996af9844d8eca86c6..., takesScreenshot: true, udid: 00008110-00145C881ABA401E, uiautomator2ServerLaunchTimeout: 60000, useXctestrunFile: true, version: , waitForQuiescence: false, wdaStartupRetries: 3, wda_port: 8404, webStorageEnabled: false, webkitResponseTimeout: 20000}, custom_replay_kit_params: {&quot;rotation&quot;:&quot;false&quot;,&quot;captur..., databaseEnabled: false, detected_language: selenium/3.141.59 (java win..., device: iphone, deviceName: iPhone 13 Pro Max, deviceOrientation: PORTRAIT, javascriptEnabled: true, locationContextEnabled: false, mobile: {browser: mobile, version: iPhone 13 Pro Max-15.6}, networkConnectionEnabled: false, newCommandTimeout: 0, new_bucketing: true, noReset: true, orientation: PORTRAIT, orig_os: ios, platform: MAC, platformName: iOS, realMobile: true, safariIgnoreFraudWarning: true, safariInitialUrl: http://mobile-internet-chec..., sessionId: 10cc2aeea996af9844d8eca86c6..., takesScreenshot: true, udid: 00008110-00145C881ABA401E, uiautomator2ServerLaunchTimeout: 60000, useXctestrunFile: true, version: , waitForQuiescence: false, wdaStartupRetries: 3, wda_port: 8404, webStorageEnabled: false, webkitResponseTimeout: 20000}&#10;Session ID: 10cc2aeea996af9844d8eca86c636db3e5d4c42a&#10;*** Element info: {Using=xpath, value=//*[@label=&apos;Regular Load&apos;]}" type="org.openqa.selenium.NoSuchElementException">org.openqa.selenium.NoSuchElementException: 
An element could not be located on the page using the given search parameters. (WARNING: The server did not provide any stacktrace information)
Command duration or timeout: 0 milliseconds
For documentation on this error, please visit: https://www.seleniumhq.org/exceptions/no_such_element.html
Build info: version: '3.141.59', revision: 'e82be7d358', time: '2018-11-14T08:17:03'
System info: host: 'HOTGDEV094', ip: '10.0.8.68', os.name: 'Windows 11', os.arch: 'amd64', os.version: '10.0', java.version: '20.0.1'
Driver info: io.appium.java_client.ios.IOSDriver
Capabilities {64bit: false, acceptSslCert: false, acceptSslCerts: false, automationName: XCUITest, biometricUserOptionAccessible: false, bootstrapPath: /usr/local/.browserstack/co..., browserName: , browserstack.appium_version: 1.21.0, browserstack.isTargetBased: false, browserstack.is_hub_canary: false, browserstack.minOSVersion: 12.4, bundleID: com.mlhuillier.mlwallet, bundleId: com.mlhuillier.mlwallet, capabilities: {64bit: false, acceptSslCert: false, acceptSslCerts: false, automationName: XCUITest, biometricUserOptionAccessible: false, bootstrapPath: /usr/local/.browserstack/co..., browserName: , browserstack.appium_version: 1.21.0, browserstack.isTargetBased: false, browserstack.is_hub_canary: false, browserstack.minOSVersion: 12.4, bundleID: com.mlhuillier.mlwallet, bundleId: com.mlhuillier.mlwallet, custom_replay_kit_params: {"rotation":"false","captur..., databaseEnabled: false, detected_language: selenium/3.141.59 (java win..., device: iphone, deviceName: iPhone 13 Pro Max, deviceOrientation: PORTRAIT, javascriptEnabled: true, locationContextEnabled: false, mobile: {browser: mobile, version: iPhone 13 Pro Max-15.6}, networkConnectionEnabled: false, newCommandTimeout: 0, new_bucketing: true, noReset: true, orientation: PORTRAIT, orig_os: ios, platform: MAC, platformName: iOS, realMobile: true, safariIgnoreFraudWarning: true, safariInitialUrl: http://mobile-internet-chec..., sessionId: 10cc2aeea996af9844d8eca86c6..., takesScreenshot: true, udid: 00008110-00145C881ABA401E, uiautomator2ServerLaunchTimeout: 60000, useXctestrunFile: true, version: , waitForQuiescence: false, wdaStartupRetries: 3, wda_port: 8404, webStorageEnabled: false, webkitResponseTimeout: 20000}, custom_replay_kit_params: {"rotation":"false","captur..., databaseEnabled: false, detected_language: selenium/3.141.59 (java win..., device: iphone, deviceName: iPhone 13 Pro Max, deviceOrientation: PORTRAIT, javascriptEnabled: true, locationContextEnabled: false, mobile: {browser: mobile, version: iPhone 13 Pro Max-15.6}, networkConnectionEnabled: false, newCommandTimeout: 0, new_bucketing: true, noReset: true, orientation: PORTRAIT, orig_os: ios, platform: MAC, platformName: iOS, realMobile: true, safariIgnoreFraudWarning: true, safariInitialUrl: http://mobile-internet-chec..., sessionId: 10cc2aeea996af9844d8eca86c6..., takesScreenshot: true, udid: 00008110-00145C881ABA401E, uiautomator2ServerLaunchTimeout: 60000, useXctestrunFile: true, version: , waitForQuiescence: false, wdaStartupRetries: 3, wda_port: 8404, webStorageEnabled: false, webkitResponseTimeout: 20000}
Session ID: 10cc2aeea996af9844d8eca86c636db3e5d4c42a
*** Element info: {Using=xpath, value=//*[@label='Regular Load']}
	at com.mlwallet.test.HappyPathScripts.buyELoadSuccessfulTransactionUIValidation_BE_TC_26(HappyPathScripts.java:13)
</failure>
    <system-out><![CDATA[2024-03-06 14:31:29,345 main ERROR Unable to locate appender "FILE" for logger config "root"
fileName BrowserStack_Demo2__2024_03_06_14_31_29.html
2024-03-06 14:31:34,528 [TestNG-tests-1] INFO  binary_data_logger - PlatForm :: IOSBrowserStack
2024-03-06 14:31:34,546 [TestNG-tests-1] INFO  binary_data_logger - Running Test :: BrowserStack_Demo2
2024-03-06 14:31:34,546 [TestNG-tests-1] INFO  binary_data_logger - Run Mode :: YES
Capability-iOSBrowserStack
2024-03-06 14:32:24,562 [TestNG-tests-1] INFO  binary_data_logger - windows 11
2024-03-06 14:32:24,620 [TestNG-tests-1] INFO  binary_data_logger - :::::::::Test buyELoadSuccessfulTransactionUIValidation_BE_TC_26 Started::::::::
2024-03-06 14:33:00,750 [TestNG-tests-1] INFO  binary_data_logger - Change number page is not displayed
2024-03-06 14:33:02,111 [TestNG-tests-1] INFO  binary_data_logger - null is displayed
2024-03-06 14:33:03,585 [TestNG-tests-1] INFO  binary_data_logger - Clicked on Allow Notif Button
2024-03-06 14:33:06,162 [TestNG-tests-1] INFO  binary_data_logger - Typed the value 9999999934 into Mobile Number Text Field
2024-03-06 14:33:08,620 [TestNG-tests-1] INFO  binary_data_logger - Clicked on Login Button
2024-03-06 14:33:39,983 [TestNG-tests-1] INFO  binary_data_logger - Continue Button Pop Up is not displayed
2024-03-06 14:33:42,274 [TestNG-tests-1] INFO  binary_data_logger - One Time Pin Page is displayed
2024-03-06 14:33:48,050 [TestNG-tests-1] INFO  binary_data_logger - One Time Pin Page is displayed
2024-03-06 14:33:49,295 [TestNG-tests-1] INFO  binary_data_logger - OTP text Field is displayed
2024-03-06 14:33:50,599 [TestNG-tests-1] INFO  binary_data_logger - Clicked on OTP text Field
2024-03-06 14:33:54,089 [TestNG-tests-1] INFO  binary_data_logger - Clicked on 1 OTP
2024-03-06 14:33:56,321 [TestNG-tests-1] INFO  binary_data_logger - Clicked on 1 OTP
2024-03-06 14:33:58,720 [TestNG-tests-1] INFO  binary_data_logger - Clicked on 1 OTP
2024-03-06 14:34:00,944 [TestNG-tests-1] INFO  binary_data_logger - Clicked on 1 OTP
2024-03-06 14:34:03,201 [TestNG-tests-1] INFO  binary_data_logger - Clicked on 1 OTP
2024-03-06 14:34:05,413 [TestNG-tests-1] INFO  binary_data_logger - Clicked on 1 OTP
2024-03-06 14:34:10,659 [TestNG-tests-1] INFO  binary_data_logger - Clicked on 1 MPIN
2024-03-06 14:34:12,660 [TestNG-tests-1] INFO  binary_data_logger - Clicked on 1 MPIN
2024-03-06 14:34:14,857 [TestNG-tests-1] INFO  binary_data_logger - Clicked on 1 MPIN
2024-03-06 14:34:16,974 [TestNG-tests-1] INFO  binary_data_logger - Clicked on 1 MPIN
2024-03-06 14:34:21,231 [TestNG-tests-1] INFO  binary_data_logger - Clicked on 1 MPIN
2024-03-06 14:34:21,231 [TestNG-tests-1] INFO  binary_data_logger - MPin MPIN 11111 Successfully
2024-03-06 14:34:54,437 [TestNG-tests-1] INFO  binary_data_logger - Something Went Wrong Occured is not displayed
2024-03-06 14:34:58,133 [TestNG-tests-1] INFO  binary_data_logger - Usable Balance Text is displayed
2024-03-06 14:34:58,133 [TestNG-tests-1] INFO  binary_data_logger - Application Logged In Successfully
2024-03-06 14:34:59,629 [TestNG-tests-1] INFO  binary_data_logger - Clicked on Buy eLoad
2024-03-06 14:35:09,530 [TestNG-tests-1] INFO  binary_data_logger - SMART telco option is displayed
2024-03-06 14:35:10,646 [TestNG-tests-1] INFO  binary_data_logger - Clicked on SMART telco option
2024-03-06 14:35:11,841 [TestNG-tests-1] INFO  binary_data_logger - Clicked on Mobile Number Field
2024-03-06 14:35:13,246 [TestNG-tests-1] INFO  binary_data_logger - Typed the value 9181111111 into Mobile Number Field
2024-03-06 14:35:17,547 [TestNG-tests-1] INFO  binary_data_logger - Clicked on Next Button
2024-03-06 14:35:23,691 [TestNG-tests-1] INFO  binary_data_logger - Clicked on Next Button
2024-03-06 14:35:59,881 [TestNG-tests-1] INFO  binary_data_logger - Load Selection Page is not displayed
2024-03-06 14:36:03,889 [TestNG-tests-1] INFO  binary_data_logger - RP_MESSAGE#FILE#C:\Users\MERC20~1\AppData\Local\Temp\screenshot4334091793393494531.png#Attachment
2024-03-06 14:36:37,456 [TestNG-tests-1] INFO  binary_data_logger - RP_MESSAGE#FILE#C:\Users\MERC20~1\AppData\Local\Temp\screenshot8983958805227408648.png#Attachment
2024-03-06 14:36:37,457 [TestNG-tests-1] INFO  binary_data_logger - ::::::::::Test buyELoadSuccessfulTransactionUIValidation_BE_TC_26 FAILED::::::::::
2024-03-06 14:36:37,457 [TestNG-tests-1] INFO  binary_data_logger - ::::::::::Relaunching The App::::::::::
]]></system-out>
    <system-err><![CDATA[SLF4J: Class path contains multiple SLF4J bindings.
SLF4J: Found binding in [jar:file:/C:/Users/MERC20236872/.m2/repository/org/slf4j/slf4j-jdk14/1.7.25/slf4j-jdk14-1.7.25.jar!/org/slf4j/impl/StaticLoggerBinder.class]
SLF4J: Found binding in [jar:file:/C:/Users/MERC20236872/.m2/repository/ch/qos/logback/logback-classic/1.2.3/logback-classic-1.2.3.jar!/org/slf4j/impl/StaticLoggerBinder.class]
SLF4J: See http://www.slf4j.org/codes.html#multiple_bindings for an explanation.
SLF4J: Actual binding is of type [org.slf4j.impl.JDK14LoggerFactory]
Mar 06, 2024 2:32:22 PM io.appium.java_client.remote.AppiumCommandExecutor$1 lambda$0
INFO: Detected dialect: OSS
]]></system-err>
  </testcase>
  <testcase name="cashInViaBankSemiVerifiedTierStatusTransaction_CIBA_TC_25" classname="com.mlwallet.test.HappyPathScripts" time="106.705">
    <failure message="Could not send text By.xpath: //*[@name=&apos;9XX XXX XXXX&apos;]/XCUIElementTypeTextField" type="java.lang.AssertionError">java.lang.AssertionError: Could not send text By.xpath: //*[@name='9XX XXX XXXX']/XCUIElementTypeTextField
	at com.mlwallet.test.HappyPathScripts.cashInViaBankSemiVerifiedTierStatusTransaction_CIBA_TC_25(HappyPathScripts.java:18)
Caused by: org.openqa.selenium.NoSuchElementException: 
An element could not be located on the page using the given search parameters. (WARNING: The server did not provide any stacktrace information)
Command duration or timeout: 0 milliseconds
For documentation on this error, please visit: https://www.seleniumhq.org/exceptions/no_such_element.html
Build info: version: '3.141.59', revision: 'e82be7d358', time: '2018-11-14T08:17:03'
System info: host: 'HOTGDEV094', ip: '10.0.8.68', os.name: 'Windows 11', os.arch: 'amd64', os.version: '10.0', java.version: '20.0.1'
Driver info: io.appium.java_client.ios.IOSDriver
Capabilities {64bit: false, acceptSslCert: false, acceptSslCerts: false, automationName: XCUITest, biometricUserOptionAccessible: false, bootstrapPath: /usr/local/.browserstack/co..., browserName: , browserstack.appium_version: 1.21.0, browserstack.isTargetBased: false, browserstack.is_hub_canary: false, browserstack.minOSVersion: 12.4, bundleID: com.mlhuillier.mlwallet, bundleId: com.mlhuillier.mlwallet, capabilities: {64bit: false, acceptSslCert: false, acceptSslCerts: false, automationName: XCUITest, biometricUserOptionAccessible: false, bootstrapPath: /usr/local/.browserstack/co..., browserName: , browserstack.appium_version: 1.21.0, browserstack.isTargetBased: false, browserstack.is_hub_canary: false, browserstack.minOSVersion: 12.4, bundleID: com.mlhuillier.mlwallet, bundleId: com.mlhuillier.mlwallet, custom_replay_kit_params: {"rotation":"false","captur..., databaseEnabled: false, detected_language: selenium/3.141.59 (java win..., device: iphone, deviceName: iPhone 13 Pro Max, deviceOrientation: PORTRAIT, javascriptEnabled: true, locationContextEnabled: false, mobile: {browser: mobile, version: iPhone 13 Pro Max-15.6}, networkConnectionEnabled: false, newCommandTimeout: 0, new_bucketing: true, noReset: true, orientation: PORTRAIT, orig_os: ios, platform: MAC, platformName: iOS, realMobile: true, safariIgnoreFraudWarning: true, safariInitialUrl: http://mobile-internet-chec..., sessionId: 10cc2aeea996af9844d8eca86c6..., takesScreenshot: true, udid: 00008110-00145C881ABA401E, uiautomator2ServerLaunchTimeout: 60000, useXctestrunFile: true, version: , waitForQuiescence: false, wdaStartupRetries: 3, wda_port: 8404, webStorageEnabled: false, webkitResponseTimeout: 20000}, custom_replay_kit_params: {"rotation":"false","captur..., databaseEnabled: false, detected_language: selenium/3.141.59 (java win..., device: iphone, deviceName: iPhone 13 Pro Max, deviceOrientation: PORTRAIT, javascriptEnabled: true, locationContextEnabled: false, mobile: {browser: mobile, version: iPhone 13 Pro Max-15.6}, networkConnectionEnabled: false, newCommandTimeout: 0, new_bucketing: true, noReset: true, orientation: PORTRAIT, orig_os: ios, platform: MAC, platformName: iOS, realMobile: true, safariIgnoreFraudWarning: true, safariInitialUrl: http://mobile-internet-chec..., sessionId: 10cc2aeea996af9844d8eca86c6..., takesScreenshot: true, udid: 00008110-00145C881ABA401E, uiautomator2ServerLaunchTimeout: 60000, useXctestrunFile: true, version: , waitForQuiescence: false, wdaStartupRetries: 3, wda_port: 8404, webStorageEnabled: false, webkitResponseTimeout: 20000}
Session ID: 10cc2aeea996af9844d8eca86c636db3e5d4c42a
*** Element info: {Using=xpath, value=//*[@name='9XX XXX XXXX']/XCUIElementTypeTextField}
	at com.mlwallet.test.HappyPathScripts.cashInViaBankSemiVerifiedTierStatusTransaction_CIBA_TC_25(HappyPathScripts.java:18)
</failure>
    <system-out><![CDATA[Reset
Reset complete
2024-03-06 14:36:46,035 [TestNG-tests-1] INFO  binary_data_logger - :::::::::Test cashInViaBankSemiVerifiedTierStatusTransaction_CIBA_TC_25 Started::::::::
2024-03-06 14:37:20,672 [TestNG-tests-1] INFO  binary_data_logger - Change number page is not displayed
2024-03-06 14:37:51,353 [TestNG-tests-1] INFO  binary_data_logger - null is not displayed
2024-03-06 14:37:51,354 [TestNG-tests-1] INFO  binary_data_logger - No Allow notif Pop- Up!
2024-03-06 14:38:22,907 [TestNG-tests-1] INFO  binary_data_logger - Not Typed the value 9999999931 into Mobile Number Text Field
2024-03-06 14:38:28,376 [TestNG-tests-1] INFO  binary_data_logger - RP_MESSAGE#FILE#C:\Users\MERC20~1\AppData\Local\Temp\screenshot3747635190806462009.png#Attachment
2024-03-06 14:38:32,740 [TestNG-tests-1] INFO  binary_data_logger - RP_MESSAGE#FILE#C:\Users\MERC20~1\AppData\Local\Temp\screenshot16761869447333564767.png#Attachment
2024-03-06 14:38:32,740 [TestNG-tests-1] INFO  binary_data_logger - ::::::::::Test cashInViaBankSemiVerifiedTierStatusTransaction_CIBA_TC_25 FAILED::::::::::
2024-03-06 14:38:32,740 [TestNG-tests-1] INFO  binary_data_logger - ::::::::::Relaunching The App::::::::::
]]></system-out>
  </testcase>
  <testcase name="cashInViaBranchTransactionWithValidMLPin_CIBR_TC_43" classname="com.mlwallet.test.HappyPathScripts" time="103.981">
    <failure message="Could not send text By.xpath: //*[@name=&apos;9XX XXX XXXX&apos;]/XCUIElementTypeTextField" type="java.lang.AssertionError">java.lang.AssertionError: Could not send text By.xpath: //*[@name='9XX XXX XXXX']/XCUIElementTypeTextField
	at com.mlwallet.test.HappyPathScripts.cashInViaBranchTransactionWithValidMLPin_CIBR_TC_43(HappyPathScripts.java:23)
Caused by: org.openqa.selenium.NoSuchElementException: 
An element could not be located on the page using the given search parameters. (WARNING: The server did not provide any stacktrace information)
Command duration or timeout: 0 milliseconds
For documentation on this error, please visit: https://www.seleniumhq.org/exceptions/no_such_element.html
Build info: version: '3.141.59', revision: 'e82be7d358', time: '2018-11-14T08:17:03'
System info: host: 'HOTGDEV094', ip: '10.0.8.68', os.name: 'Windows 11', os.arch: 'amd64', os.version: '10.0', java.version: '20.0.1'
Driver info: io.appium.java_client.ios.IOSDriver
Capabilities {64bit: false, acceptSslCert: false, acceptSslCerts: false, automationName: XCUITest, biometricUserOptionAccessible: false, bootstrapPath: /usr/local/.browserstack/co..., browserName: , browserstack.appium_version: 1.21.0, browserstack.isTargetBased: false, browserstack.is_hub_canary: false, browserstack.minOSVersion: 12.4, bundleID: com.mlhuillier.mlwallet, bundleId: com.mlhuillier.mlwallet, capabilities: {64bit: false, acceptSslCert: false, acceptSslCerts: false, automationName: XCUITest, biometricUserOptionAccessible: false, bootstrapPath: /usr/local/.browserstack/co..., browserName: , browserstack.appium_version: 1.21.0, browserstack.isTargetBased: false, browserstack.is_hub_canary: false, browserstack.minOSVersion: 12.4, bundleID: com.mlhuillier.mlwallet, bundleId: com.mlhuillier.mlwallet, custom_replay_kit_params: {"rotation":"false","captur..., databaseEnabled: false, detected_language: selenium/3.141.59 (java win..., device: iphone, deviceName: iPhone 13 Pro Max, deviceOrientation: PORTRAIT, javascriptEnabled: true, locationContextEnabled: false, mobile: {browser: mobile, version: iPhone 13 Pro Max-15.6}, networkConnectionEnabled: false, newCommandTimeout: 0, new_bucketing: true, noReset: true, orientation: PORTRAIT, orig_os: ios, platform: MAC, platformName: iOS, realMobile: true, safariIgnoreFraudWarning: true, safariInitialUrl: http://mobile-internet-chec..., sessionId: 10cc2aeea996af9844d8eca86c6..., takesScreenshot: true, udid: 00008110-00145C881ABA401E, uiautomator2ServerLaunchTimeout: 60000, useXctestrunFile: true, version: , waitForQuiescence: false, wdaStartupRetries: 3, wda_port: 8404, webStorageEnabled: false, webkitResponseTimeout: 20000}, custom_replay_kit_params: {"rotation":"false","captur..., databaseEnabled: false, detected_language: selenium/3.141.59 (java win..., device: iphone, deviceName: iPhone 13 Pro Max, deviceOrientation: PORTRAIT, javascriptEnabled: true, locationContextEnabled: false, mobile: {browser: mobile, version: iPhone 13 Pro Max-15.6}, networkConnectionEnabled: false, newCommandTimeout: 0, new_bucketing: true, noReset: true, orientation: PORTRAIT, orig_os: ios, platform: MAC, platformName: iOS, realMobile: true, safariIgnoreFraudWarning: true, safariInitialUrl: http://mobile-internet-chec..., sessionId: 10cc2aeea996af9844d8eca86c6..., takesScreenshot: true, udid: 00008110-00145C881ABA401E, uiautomator2ServerLaunchTimeout: 60000, useXctestrunFile: true, version: , waitForQuiescence: false, wdaStartupRetries: 3, wda_port: 8404, webStorageEnabled: false, webkitResponseTimeout: 20000}
Session ID: 10cc2aeea996af9844d8eca86c636db3e5d4c42a
*** Element info: {Using=xpath, value=//*[@name='9XX XXX XXXX']/XCUIElementTypeTextField}
	at com.mlwallet.test.HappyPathScripts.cashInViaBranchTransactionWithValidMLPin_CIBR_TC_43(HappyPathScripts.java:23)
</failure>
    <system-out><![CDATA[Reset
Reset complete
2024-03-06 14:38:41,219 [TestNG-tests-1] INFO  binary_data_logger - :::::::::Test cashInViaBranchTransactionWithValidMLPin_CIBR_TC_43 Started::::::::
2024-03-06 14:39:16,335 [TestNG-tests-1] INFO  binary_data_logger - Change number page is not displayed
2024-03-06 14:39:47,497 [TestNG-tests-1] INFO  binary_data_logger - null is not displayed
2024-03-06 14:39:47,497 [TestNG-tests-1] INFO  binary_data_logger - No Allow notif Pop- Up!
2024-03-06 14:40:19,138 [TestNG-tests-1] INFO  binary_data_logger - Not Typed the value 9999999934 into Mobile Number Text Field
2024-03-06 14:40:22,067 [TestNG-tests-1] INFO  binary_data_logger - RP_MESSAGE#FILE#C:\Users\MERC20~1\AppData\Local\Temp\screenshot14340790189452818184.png#Attachment
2024-03-06 14:40:25,200 [TestNG-tests-1] INFO  binary_data_logger - RP_MESSAGE#FILE#C:\Users\MERC20~1\AppData\Local\Temp\screenshot15519096112323951120.png#Attachment
2024-03-06 14:40:25,200 [TestNG-tests-1] INFO  binary_data_logger - ::::::::::Test cashInViaBranchTransactionWithValidMLPin_CIBR_TC_43 FAILED::::::::::
2024-03-06 14:40:25,200 [TestNG-tests-1] INFO  binary_data_logger - ::::::::::Relaunching The App::::::::::
]]></system-out>
  </testcase>
  <testcase name="GC_SM_TC_76_Validate_Back_Home_Btn_In_GCash_View_Recent_Transaction_Dashboard_Page" classname="com.mlwallet.test.HappyPathScripts" time="104.306">
    <failure message="Could not send text By.xpath: //*[@name=&apos;9XX XXX XXXX&apos;]/XCUIElementTypeTextField" type="java.lang.AssertionError">java.lang.AssertionError: Could not send text By.xpath: //*[@name='9XX XXX XXXX']/XCUIElementTypeTextField
	at com.mlwallet.test.HappyPathScripts.GC_SM_TC_76_Validate_Back_Home_Btn_In_GCash_View_Recent_Transaction_Dashboard_Page(HappyPathScripts.java:28)
Caused by: org.openqa.selenium.NoSuchElementException: 
An element could not be located on the page using the given search parameters. (WARNING: The server did not provide any stacktrace information)
Command duration or timeout: 0 milliseconds
For documentation on this error, please visit: https://www.seleniumhq.org/exceptions/no_such_element.html
Build info: version: '3.141.59', revision: 'e82be7d358', time: '2018-11-14T08:17:03'
System info: host: 'HOTGDEV094', ip: '10.0.8.68', os.name: 'Windows 11', os.arch: 'amd64', os.version: '10.0', java.version: '20.0.1'
Driver info: io.appium.java_client.ios.IOSDriver
Capabilities {64bit: false, acceptSslCert: false, acceptSslCerts: false, automationName: XCUITest, biometricUserOptionAccessible: false, bootstrapPath: /usr/local/.browserstack/co..., browserName: , browserstack.appium_version: 1.21.0, browserstack.isTargetBased: false, browserstack.is_hub_canary: false, browserstack.minOSVersion: 12.4, bundleID: com.mlhuillier.mlwallet, bundleId: com.mlhuillier.mlwallet, capabilities: {64bit: false, acceptSslCert: false, acceptSslCerts: false, automationName: XCUITest, biometricUserOptionAccessible: false, bootstrapPath: /usr/local/.browserstack/co..., browserName: , browserstack.appium_version: 1.21.0, browserstack.isTargetBased: false, browserstack.is_hub_canary: false, browserstack.minOSVersion: 12.4, bundleID: com.mlhuillier.mlwallet, bundleId: com.mlhuillier.mlwallet, custom_replay_kit_params: {"rotation":"false","captur..., databaseEnabled: false, detected_language: selenium/3.141.59 (java win..., device: iphone, deviceName: iPhone 13 Pro Max, deviceOrientation: PORTRAIT, javascriptEnabled: true, locationContextEnabled: false, mobile: {browser: mobile, version: iPhone 13 Pro Max-15.6}, networkConnectionEnabled: false, newCommandTimeout: 0, new_bucketing: true, noReset: true, orientation: PORTRAIT, orig_os: ios, platform: MAC, platformName: iOS, realMobile: true, safariIgnoreFraudWarning: true, safariInitialUrl: http://mobile-internet-chec..., sessionId: 10cc2aeea996af9844d8eca86c6..., takesScreenshot: true, udid: 00008110-00145C881ABA401E, uiautomator2ServerLaunchTimeout: 60000, useXctestrunFile: true, version: , waitForQuiescence: false, wdaStartupRetries: 3, wda_port: 8404, webStorageEnabled: false, webkitResponseTimeout: 20000}, custom_replay_kit_params: {"rotation":"false","captur..., databaseEnabled: false, detected_language: selenium/3.141.59 (java win..., device: iphone, deviceName: iPhone 13 Pro Max, deviceOrientation: PORTRAIT, javascriptEnabled: true, locationContextEnabled: false, mobile: {browser: mobile, version: iPhone 13 Pro Max-15.6}, networkConnectionEnabled: false, newCommandTimeout: 0, new_bucketing: true, noReset: true, orientation: PORTRAIT, orig_os: ios, platform: MAC, platformName: iOS, realMobile: true, safariIgnoreFraudWarning: true, safariInitialUrl: http://mobile-internet-chec..., sessionId: 10cc2aeea996af9844d8eca86c6..., takesScreenshot: true, udid: 00008110-00145C881ABA401E, uiautomator2ServerLaunchTimeout: 60000, useXctestrunFile: true, version: , waitForQuiescence: false, wdaStartupRetries: 3, wda_port: 8404, webStorageEnabled: false, webkitResponseTimeout: 20000}
Session ID: 10cc2aeea996af9844d8eca86c636db3e5d4c42a
*** Element info: {Using=xpath, value=//*[@name='9XX XXX XXXX']/XCUIElementTypeTextField}
	at com.mlwallet.test.HappyPathScripts.GC_SM_TC_76_Validate_Back_Home_Btn_In_GCash_View_Recent_Transaction_Dashboard_Page(HappyPathScripts.java:28)
</failure>
    <system-out><![CDATA[Reset
Reset complete
2024-03-06 14:40:33,632 [TestNG-tests-1] INFO  binary_data_logger - :::::::::Test GC_SM_TC_76_Validate_Back_Home_Btn_In_GCash_View_Recent_Transaction_Dashboard_Page Started::::::::
2024-03-06 14:41:06,031 [TestNG-tests-1] INFO  binary_data_logger - Change number page is not displayed
2024-03-06 14:41:36,858 [TestNG-tests-1] INFO  binary_data_logger - null is not displayed
2024-03-06 14:41:36,859 [TestNG-tests-1] INFO  binary_data_logger - No Allow notif Pop- Up!
2024-03-06 14:42:08,563 [TestNG-tests-1] INFO  binary_data_logger - Not Typed the value 9999999934 into Mobile Number Text Field
2024-03-06 14:42:12,439 [TestNG-tests-1] INFO  binary_data_logger - RP_MESSAGE#FILE#C:\Users\MERC20~1\AppData\Local\Temp\screenshot14697414479761752214.png#Attachment
2024-03-06 14:42:17,937 [TestNG-tests-1] INFO  binary_data_logger - RP_MESSAGE#FILE#C:\Users\MERC20~1\AppData\Local\Temp\screenshot13712531105060368336.png#Attachment
2024-03-06 14:42:17,937 [TestNG-tests-1] INFO  binary_data_logger - ::::::::::Test GC_SM_TC_76_Validate_Back_Home_Btn_In_GCash_View_Recent_Transaction_Dashboard_Page FAILED::::::::::
2024-03-06 14:42:17,937 [TestNG-tests-1] INFO  binary_data_logger - ::::::::::Relaunching The App::::::::::
]]></system-out>
  </testcase>
  <testcase name="cashOutBankTransactionOTPContinueBtnFunctionality_WM_TC_123" classname="com.mlwallet.test.HappyPathScripts" time="111.687">
    <failure message="Could not send text By.xpath: //*[@name=&apos;9XX XXX XXXX&apos;]/XCUIElementTypeTextField" type="java.lang.AssertionError">java.lang.AssertionError: Could not send text By.xpath: //*[@name='9XX XXX XXXX']/XCUIElementTypeTextField
	at com.mlwallet.test.HappyPathScripts.cashOutBankTransactionOTPContinueBtnFunctionality_WM_TC_123(HappyPathScripts.java:33)
Caused by: org.openqa.selenium.NoSuchElementException: 
An element could not be located on the page using the given search parameters. (WARNING: The server did not provide any stacktrace information)
Command duration or timeout: 0 milliseconds
For documentation on this error, please visit: https://www.seleniumhq.org/exceptions/no_such_element.html
Build info: version: '3.141.59', revision: 'e82be7d358', time: '2018-11-14T08:17:03'
System info: host: 'HOTGDEV094', ip: '10.0.8.68', os.name: 'Windows 11', os.arch: 'amd64', os.version: '10.0', java.version: '20.0.1'
Driver info: io.appium.java_client.ios.IOSDriver
Capabilities {64bit: false, acceptSslCert: false, acceptSslCerts: false, automationName: XCUITest, biometricUserOptionAccessible: false, bootstrapPath: /usr/local/.browserstack/co..., browserName: , browserstack.appium_version: 1.21.0, browserstack.isTargetBased: false, browserstack.is_hub_canary: false, browserstack.minOSVersion: 12.4, bundleID: com.mlhuillier.mlwallet, bundleId: com.mlhuillier.mlwallet, capabilities: {64bit: false, acceptSslCert: false, acceptSslCerts: false, automationName: XCUITest, biometricUserOptionAccessible: false, bootstrapPath: /usr/local/.browserstack/co..., browserName: , browserstack.appium_version: 1.21.0, browserstack.isTargetBased: false, browserstack.is_hub_canary: false, browserstack.minOSVersion: 12.4, bundleID: com.mlhuillier.mlwallet, bundleId: com.mlhuillier.mlwallet, custom_replay_kit_params: {"rotation":"false","captur..., databaseEnabled: false, detected_language: selenium/3.141.59 (java win..., device: iphone, deviceName: iPhone 13 Pro Max, deviceOrientation: PORTRAIT, javascriptEnabled: true, locationContextEnabled: false, mobile: {browser: mobile, version: iPhone 13 Pro Max-15.6}, networkConnectionEnabled: false, newCommandTimeout: 0, new_bucketing: true, noReset: true, orientation: PORTRAIT, orig_os: ios, platform: MAC, platformName: iOS, realMobile: true, safariIgnoreFraudWarning: true, safariInitialUrl: http://mobile-internet-chec..., sessionId: 10cc2aeea996af9844d8eca86c6..., takesScreenshot: true, udid: 00008110-00145C881ABA401E, uiautomator2ServerLaunchTimeout: 60000, useXctestrunFile: true, version: , waitForQuiescence: false, wdaStartupRetries: 3, wda_port: 8404, webStorageEnabled: false, webkitResponseTimeout: 20000}, custom_replay_kit_params: {"rotation":"false","captur..., databaseEnabled: false, detected_language: selenium/3.141.59 (java win..., device: iphone, deviceName: iPhone 13 Pro Max, deviceOrientation: PORTRAIT, javascriptEnabled: true, locationContextEnabled: false, mobile: {browser: mobile, version: iPhone 13 Pro Max-15.6}, networkConnectionEnabled: false, newCommandTimeout: 0, new_bucketing: true, noReset: true, orientation: PORTRAIT, orig_os: ios, platform: MAC, platformName: iOS, realMobile: true, safariIgnoreFraudWarning: true, safariInitialUrl: http://mobile-internet-chec..., sessionId: 10cc2aeea996af9844d8eca86c6..., takesScreenshot: true, udid: 00008110-00145C881ABA401E, uiautomator2ServerLaunchTimeout: 60000, useXctestrunFile: true, version: , waitForQuiescence: false, wdaStartupRetries: 3, wda_port: 8404, webStorageEnabled: false, webkitResponseTimeout: 20000}
Session ID: 10cc2aeea996af9844d8eca86c636db3e5d4c42a
*** Element info: {Using=xpath, value=//*[@name='9XX XXX XXXX']/XCUIElementTypeTextField}
	at com.mlwallet.test.HappyPathScripts.cashOutBankTransactionOTPContinueBtnFunctionality_WM_TC_123(HappyPathScripts.java:33)
</failure>
    <system-out><![CDATA[Reset
Reset complete
2024-03-06 14:42:26,270 [TestNG-tests-1] INFO  binary_data_logger - :::::::::Test cashOutBankTransactionOTPContinueBtnFunctionality_WM_TC_123 Started::::::::
2024-03-06 14:43:00,965 [TestNG-tests-1] INFO  binary_data_logger - Change number page is not displayed
2024-03-06 14:43:32,203 [TestNG-tests-1] INFO  binary_data_logger - null is not displayed
2024-03-06 14:43:32,204 [TestNG-tests-1] INFO  binary_data_logger - No Allow notif Pop- Up!
2024-03-06 14:44:03,717 [TestNG-tests-1] INFO  binary_data_logger - Not Typed the value 9999999934 into Mobile Number Text Field
2024-03-06 14:44:09,586 [TestNG-tests-1] INFO  binary_data_logger - RP_MESSAGE#FILE#C:\Users\MERC20~1\AppData\Local\Temp\screenshot14017006837708072071.png#Attachment
2024-03-06 14:44:17,956 [TestNG-tests-1] INFO  binary_data_logger - RP_MESSAGE#FILE#C:\Users\MERC20~1\AppData\Local\Temp\screenshot3563713531635974621.png#Attachment
2024-03-06 14:44:17,956 [TestNG-tests-1] INFO  binary_data_logger - ::::::::::Test cashOutBankTransactionOTPContinueBtnFunctionality_WM_TC_123 FAILED::::::::::
2024-03-06 14:44:17,957 [TestNG-tests-1] INFO  binary_data_logger - ::::::::::Relaunching The App::::::::::
]]></system-out>
  </testcase>
  <testcase name="paybillsRecentTransaction_PB_TC_19" classname="com.mlwallet.test.HappyPathScripts" time="119.292">
    <failure message="Could not send text By.xpath: //*[@name=&apos;9XX XXX XXXX&apos;]/XCUIElementTypeTextField" type="java.lang.AssertionError">java.lang.AssertionError: Could not send text By.xpath: //*[@name='9XX XXX XXXX']/XCUIElementTypeTextField
	at com.mlwallet.test.HappyPathScripts.paybillsRecentTransaction_PB_TC_19(HappyPathScripts.java:38)
Caused by: org.openqa.selenium.NoSuchElementException: 
An element could not be located on the page using the given search parameters. (WARNING: The server did not provide any stacktrace information)
Command duration or timeout: 0 milliseconds
For documentation on this error, please visit: https://www.seleniumhq.org/exceptions/no_such_element.html
Build info: version: '3.141.59', revision: 'e82be7d358', time: '2018-11-14T08:17:03'
System info: host: 'HOTGDEV094', ip: '10.0.8.68', os.name: 'Windows 11', os.arch: 'amd64', os.version: '10.0', java.version: '20.0.1'
Driver info: io.appium.java_client.ios.IOSDriver
Capabilities {64bit: false, acceptSslCert: false, acceptSslCerts: false, automationName: XCUITest, biometricUserOptionAccessible: false, bootstrapPath: /usr/local/.browserstack/co..., browserName: , browserstack.appium_version: 1.21.0, browserstack.isTargetBased: false, browserstack.is_hub_canary: false, browserstack.minOSVersion: 12.4, bundleID: com.mlhuillier.mlwallet, bundleId: com.mlhuillier.mlwallet, capabilities: {64bit: false, acceptSslCert: false, acceptSslCerts: false, automationName: XCUITest, biometricUserOptionAccessible: false, bootstrapPath: /usr/local/.browserstack/co..., browserName: , browserstack.appium_version: 1.21.0, browserstack.isTargetBased: false, browserstack.is_hub_canary: false, browserstack.minOSVersion: 12.4, bundleID: com.mlhuillier.mlwallet, bundleId: com.mlhuillier.mlwallet, custom_replay_kit_params: {"rotation":"false","captur..., databaseEnabled: false, detected_language: selenium/3.141.59 (java win..., device: iphone, deviceName: iPhone 13 Pro Max, deviceOrientation: PORTRAIT, javascriptEnabled: true, locationContextEnabled: false, mobile: {browser: mobile, version: iPhone 13 Pro Max-15.6}, networkConnectionEnabled: false, newCommandTimeout: 0, new_bucketing: true, noReset: true, orientation: PORTRAIT, orig_os: ios, platform: MAC, platformName: iOS, realMobile: true, safariIgnoreFraudWarning: true, safariInitialUrl: http://mobile-internet-chec..., sessionId: 10cc2aeea996af9844d8eca86c6..., takesScreenshot: true, udid: 00008110-00145C881ABA401E, uiautomator2ServerLaunchTimeout: 60000, useXctestrunFile: true, version: , waitForQuiescence: false, wdaStartupRetries: 3, wda_port: 8404, webStorageEnabled: false, webkitResponseTimeout: 20000}, custom_replay_kit_params: {"rotation":"false","captur..., databaseEnabled: false, detected_language: selenium/3.141.59 (java win..., device: iphone, deviceName: iPhone 13 Pro Max, deviceOrientation: PORTRAIT, javascriptEnabled: true, locationContextEnabled: false, mobile: {browser: mobile, version: iPhone 13 Pro Max-15.6}, networkConnectionEnabled: false, newCommandTimeout: 0, new_bucketing: true, noReset: true, orientation: PORTRAIT, orig_os: ios, platform: MAC, platformName: iOS, realMobile: true, safariIgnoreFraudWarning: true, safariInitialUrl: http://mobile-internet-chec..., sessionId: 10cc2aeea996af9844d8eca86c6..., takesScreenshot: true, udid: 00008110-00145C881ABA401E, uiautomator2ServerLaunchTimeout: 60000, useXctestrunFile: true, version: , waitForQuiescence: false, wdaStartupRetries: 3, wda_port: 8404, webStorageEnabled: false, webkitResponseTimeout: 20000}
Session ID: 10cc2aeea996af9844d8eca86c636db3e5d4c42a
*** Element info: {Using=xpath, value=//*[@name='9XX XXX XXXX']/XCUIElementTypeTextField}
	at com.mlwallet.test.HappyPathScripts.paybillsRecentTransaction_PB_TC_19(HappyPathScripts.java:38)
</failure>
    <system-out><![CDATA[Reset
Reset complete
2024-03-06 14:44:26,350 [TestNG-tests-1] INFO  binary_data_logger - :::::::::Test paybillsRecentTransaction_PB_TC_19 Started::::::::
2024-03-06 14:45:01,344 [TestNG-tests-1] INFO  binary_data_logger - Change number page is not displayed
2024-03-06 14:45:32,361 [TestNG-tests-1] INFO  binary_data_logger - null is not displayed
2024-03-06 14:45:32,362 [TestNG-tests-1] INFO  binary_data_logger - No Allow notif Pop- Up!
2024-03-06 14:46:04,263 [TestNG-tests-1] INFO  binary_data_logger - Not Typed the value 9999999934 into Mobile Number Text Field
2024-03-06 14:46:12,766 [TestNG-tests-1] INFO  binary_data_logger - RP_MESSAGE#FILE#C:\Users\MERC20~1\AppData\Local\Temp\screenshot16881034444074758322.png#Attachment
2024-03-06 14:46:25,640 [TestNG-tests-1] INFO  binary_data_logger - RP_MESSAGE#FILE#C:\Users\MERC20~1\AppData\Local\Temp\screenshot11343237983630582949.png#Attachment
2024-03-06 14:46:25,642 [TestNG-tests-1] INFO  binary_data_logger - ::::::::::Test paybillsRecentTransaction_PB_TC_19 FAILED::::::::::
2024-03-06 14:46:25,642 [TestNG-tests-1] INFO  binary_data_logger - ::::::::::Relaunching The App::::::::::
]]></system-out>
  </testcase>
  <testcase name="sendMoneyToSavedRecipient_STB_TC_02" classname="com.mlwallet.test.HappyPathScripts" time="116.318">
    <failure message="Could not send text By.xpath: //*[@name=&apos;9XX XXX XXXX&apos;]/XCUIElementTypeTextField" type="java.lang.AssertionError">java.lang.AssertionError: Could not send text By.xpath: //*[@name='9XX XXX XXXX']/XCUIElementTypeTextField
	at com.mlwallet.test.HappyPathScripts.sendMoneyToSavedRecipient_STB_TC_02(HappyPathScripts.java:43)
Caused by: org.openqa.selenium.NoSuchElementException: 
An element could not be located on the page using the given search parameters. (WARNING: The server did not provide any stacktrace information)
Command duration or timeout: 0 milliseconds
For documentation on this error, please visit: https://www.seleniumhq.org/exceptions/no_such_element.html
Build info: version: '3.141.59', revision: 'e82be7d358', time: '2018-11-14T08:17:03'
System info: host: 'HOTGDEV094', ip: '10.0.8.68', os.name: 'Windows 11', os.arch: 'amd64', os.version: '10.0', java.version: '20.0.1'
Driver info: io.appium.java_client.ios.IOSDriver
Capabilities {64bit: false, acceptSslCert: false, acceptSslCerts: false, automationName: XCUITest, biometricUserOptionAccessible: false, bootstrapPath: /usr/local/.browserstack/co..., browserName: , browserstack.appium_version: 1.21.0, browserstack.isTargetBased: false, browserstack.is_hub_canary: false, browserstack.minOSVersion: 12.4, bundleID: com.mlhuillier.mlwallet, bundleId: com.mlhuillier.mlwallet, capabilities: {64bit: false, acceptSslCert: false, acceptSslCerts: false, automationName: XCUITest, biometricUserOptionAccessible: false, bootstrapPath: /usr/local/.browserstack/co..., browserName: , browserstack.appium_version: 1.21.0, browserstack.isTargetBased: false, browserstack.is_hub_canary: false, browserstack.minOSVersion: 12.4, bundleID: com.mlhuillier.mlwallet, bundleId: com.mlhuillier.mlwallet, custom_replay_kit_params: {"rotation":"false","captur..., databaseEnabled: false, detected_language: selenium/3.141.59 (java win..., device: iphone, deviceName: iPhone 13 Pro Max, deviceOrientation: PORTRAIT, javascriptEnabled: true, locationContextEnabled: false, mobile: {browser: mobile, version: iPhone 13 Pro Max-15.6}, networkConnectionEnabled: false, newCommandTimeout: 0, new_bucketing: true, noReset: true, orientation: PORTRAIT, orig_os: ios, platform: MAC, platformName: iOS, realMobile: true, safariIgnoreFraudWarning: true, safariInitialUrl: http://mobile-internet-chec..., sessionId: 10cc2aeea996af9844d8eca86c6..., takesScreenshot: true, udid: 00008110-00145C881ABA401E, uiautomator2ServerLaunchTimeout: 60000, useXctestrunFile: true, version: , waitForQuiescence: false, wdaStartupRetries: 3, wda_port: 8404, webStorageEnabled: false, webkitResponseTimeout: 20000}, custom_replay_kit_params: {"rotation":"false","captur..., databaseEnabled: false, detected_language: selenium/3.141.59 (java win..., device: iphone, deviceName: iPhone 13 Pro Max, deviceOrientation: PORTRAIT, javascriptEnabled: true, locationContextEnabled: false, mobile: {browser: mobile, version: iPhone 13 Pro Max-15.6}, networkConnectionEnabled: false, newCommandTimeout: 0, new_bucketing: true, noReset: true, orientation: PORTRAIT, orig_os: ios, platform: MAC, platformName: iOS, realMobile: true, safariIgnoreFraudWarning: true, safariInitialUrl: http://mobile-internet-chec..., sessionId: 10cc2aeea996af9844d8eca86c6..., takesScreenshot: true, udid: 00008110-00145C881ABA401E, uiautomator2ServerLaunchTimeout: 60000, useXctestrunFile: true, version: , waitForQuiescence: false, wdaStartupRetries: 3, wda_port: 8404, webStorageEnabled: false, webkitResponseTimeout: 20000}
Session ID: 10cc2aeea996af9844d8eca86c636db3e5d4c42a
*** Element info: {Using=xpath, value=//*[@name='9XX XXX XXXX']/XCUIElementTypeTextField}
	at com.mlwallet.test.HappyPathScripts.sendMoneyToSavedRecipient_STB_TC_02(HappyPathScripts.java:43)
</failure>
    <system-out><![CDATA[Reset
Reset complete
2024-03-06 14:46:34,162 [TestNG-tests-1] INFO  binary_data_logger - :::::::::Test sendMoneyToSavedRecipient_STB_TC_02 Started::::::::
2024-03-06 14:47:09,929 [TestNG-tests-1] INFO  binary_data_logger - Change number page is not displayed
2024-03-06 14:47:40,337 [TestNG-tests-1] INFO  binary_data_logger - null is not displayed
2024-03-06 14:47:40,338 [TestNG-tests-1] INFO  binary_data_logger - No Allow notif Pop- Up!
2024-03-06 14:48:12,462 [TestNG-tests-1] INFO  binary_data_logger - Not Typed the value 9999999934 into Mobile Number Text Field
2024-03-06 14:48:22,181 [TestNG-tests-1] INFO  binary_data_logger - RP_MESSAGE#FILE#C:\Users\MERC20~1\AppData\Local\Temp\screenshot2902443823169194357.png#Attachment
2024-03-06 14:48:30,479 [TestNG-tests-1] INFO  binary_data_logger - RP_MESSAGE#FILE#C:\Users\MERC20~1\AppData\Local\Temp\screenshot17994466038021091266.png#Attachment
2024-03-06 14:48:30,480 [TestNG-tests-1] INFO  binary_data_logger - ::::::::::Test sendMoneyToSavedRecipient_STB_TC_02 FAILED::::::::::
2024-03-06 14:48:30,481 [TestNG-tests-1] INFO  binary_data_logger - ::::::::::Relaunching The App::::::::::
]]></system-out>
  </testcase>
  <testcase name="sendMoneyMLWalletToExistingReceiver_STW_TC_02" classname="com.mlwallet.test.HappyPathScripts" time="113.16">
    <failure message="Could not send text By.xpath: //*[@name=&apos;9XX XXX XXXX&apos;]/XCUIElementTypeTextField" type="java.lang.AssertionError">java.lang.AssertionError: Could not send text By.xpath: //*[@name='9XX XXX XXXX']/XCUIElementTypeTextField
	at com.mlwallet.test.HappyPathScripts.sendMoneyMLWalletToExistingReceiver_STW_TC_02(HappyPathScripts.java:49)
Caused by: org.openqa.selenium.NoSuchElementException: 
An element could not be located on the page using the given search parameters. (WARNING: The server did not provide any stacktrace information)
Command duration or timeout: 0 milliseconds
For documentation on this error, please visit: https://www.seleniumhq.org/exceptions/no_such_element.html
Build info: version: '3.141.59', revision: 'e82be7d358', time: '2018-11-14T08:17:03'
System info: host: 'HOTGDEV094', ip: '10.0.8.68', os.name: 'Windows 11', os.arch: 'amd64', os.version: '10.0', java.version: '20.0.1'
Driver info: io.appium.java_client.ios.IOSDriver
Capabilities {64bit: false, acceptSslCert: false, acceptSslCerts: false, automationName: XCUITest, biometricUserOptionAccessible: false, bootstrapPath: /usr/local/.browserstack/co..., browserName: , browserstack.appium_version: 1.21.0, browserstack.isTargetBased: false, browserstack.is_hub_canary: false, browserstack.minOSVersion: 12.4, bundleID: com.mlhuillier.mlwallet, bundleId: com.mlhuillier.mlwallet, capabilities: {64bit: false, acceptSslCert: false, acceptSslCerts: false, automationName: XCUITest, biometricUserOptionAccessible: false, bootstrapPath: /usr/local/.browserstack/co..., browserName: , browserstack.appium_version: 1.21.0, browserstack.isTargetBased: false, browserstack.is_hub_canary: false, browserstack.minOSVersion: 12.4, bundleID: com.mlhuillier.mlwallet, bundleId: com.mlhuillier.mlwallet, custom_replay_kit_params: {"rotation":"false","captur..., databaseEnabled: false, detected_language: selenium/3.141.59 (java win..., device: iphone, deviceName: iPhone 13 Pro Max, deviceOrientation: PORTRAIT, javascriptEnabled: true, locationContextEnabled: false, mobile: {browser: mobile, version: iPhone 13 Pro Max-15.6}, networkConnectionEnabled: false, newCommandTimeout: 0, new_bucketing: true, noReset: true, orientation: PORTRAIT, orig_os: ios, platform: MAC, platformName: iOS, realMobile: true, safariIgnoreFraudWarning: true, safariInitialUrl: http://mobile-internet-chec..., sessionId: 10cc2aeea996af9844d8eca86c6..., takesScreenshot: true, udid: 00008110-00145C881ABA401E, uiautomator2ServerLaunchTimeout: 60000, useXctestrunFile: true, version: , waitForQuiescence: false, wdaStartupRetries: 3, wda_port: 8404, webStorageEnabled: false, webkitResponseTimeout: 20000}, custom_replay_kit_params: {"rotation":"false","captur..., databaseEnabled: false, detected_language: selenium/3.141.59 (java win..., device: iphone, deviceName: iPhone 13 Pro Max, deviceOrientation: PORTRAIT, javascriptEnabled: true, locationContextEnabled: false, mobile: {browser: mobile, version: iPhone 13 Pro Max-15.6}, networkConnectionEnabled: false, newCommandTimeout: 0, new_bucketing: true, noReset: true, orientation: PORTRAIT, orig_os: ios, platform: MAC, platformName: iOS, realMobile: true, safariIgnoreFraudWarning: true, safariInitialUrl: http://mobile-internet-chec..., sessionId: 10cc2aeea996af9844d8eca86c6..., takesScreenshot: true, udid: 00008110-00145C881ABA401E, uiautomator2ServerLaunchTimeout: 60000, useXctestrunFile: true, version: , waitForQuiescence: false, wdaStartupRetries: 3, wda_port: 8404, webStorageEnabled: false, webkitResponseTimeout: 20000}
Session ID: 10cc2aeea996af9844d8eca86c636db3e5d4c42a
*** Element info: {Using=xpath, value=//*[@name='9XX XXX XXXX']/XCUIElementTypeTextField}
	at com.mlwallet.test.HappyPathScripts.sendMoneyMLWalletToExistingReceiver_STW_TC_02(HappyPathScripts.java:49)
</failure>
    <system-out><![CDATA[Reset
Reset complete
2024-03-06 14:48:38,875 [TestNG-tests-1] INFO  binary_data_logger - :::::::::Test sendMoneyMLWalletToExistingReceiver_STW_TC_02 Started::::::::
2024-03-06 14:49:13,351 [TestNG-tests-1] INFO  binary_data_logger - Change number page is not displayed
2024-03-06 14:49:43,718 [TestNG-tests-1] INFO  binary_data_logger - null is not displayed
2024-03-06 14:49:43,718 [TestNG-tests-1] INFO  binary_data_logger - No Allow notif Pop- Up!
2024-03-06 14:50:15,919 [TestNG-tests-1] INFO  binary_data_logger - Not Typed the value 9999999994 into Mobile Number Text Field
2024-03-06 14:50:23,243 [TestNG-tests-1] INFO  binary_data_logger - RP_MESSAGE#FILE#C:\Users\MERC20~1\AppData\Local\Temp\screenshot14649895700720469854.png#Attachment
2024-03-06 14:50:32,034 [TestNG-tests-1] INFO  binary_data_logger - RP_MESSAGE#FILE#C:\Users\MERC20~1\AppData\Local\Temp\screenshot1085929023003993431.png#Attachment
2024-03-06 14:50:32,035 [TestNG-tests-1] INFO  binary_data_logger - ::::::::::Test sendMoneyMLWalletToExistingReceiver_STW_TC_02 FAILED::::::::::
2024-03-06 14:50:32,035 [TestNG-tests-1] INFO  binary_data_logger - ::::::::::Relaunching The App::::::::::
]]></system-out>
  </testcase>
  <testcase name="shopItemsReviewingItemDetailsAndFeeBeforePlacingTheOrder_SI_TC_69" classname="com.mlwallet.test.HappyPathScripts" time="113.765">
    <failure message="Could not send text By.xpath: //*[@name=&apos;9XX XXX XXXX&apos;]/XCUIElementTypeTextField" type="java.lang.AssertionError">java.lang.AssertionError: Could not send text By.xpath: //*[@name='9XX XXX XXXX']/XCUIElementTypeTextField
	at com.mlwallet.test.HappyPathScripts.shopItemsReviewingItemDetailsAndFeeBeforePlacingTheOrder_SI_TC_69(HappyPathScripts.java:54)
Caused by: org.openqa.selenium.NoSuchElementException: 
An element could not be located on the page using the given search parameters. (WARNING: The server did not provide any stacktrace information)
Command duration or timeout: 0 milliseconds
For documentation on this error, please visit: https://www.seleniumhq.org/exceptions/no_such_element.html
Build info: version: '3.141.59', revision: 'e82be7d358', time: '2018-11-14T08:17:03'
System info: host: 'HOTGDEV094', ip: '10.0.8.68', os.name: 'Windows 11', os.arch: 'amd64', os.version: '10.0', java.version: '20.0.1'
Driver info: io.appium.java_client.ios.IOSDriver
Capabilities {64bit: false, acceptSslCert: false, acceptSslCerts: false, automationName: XCUITest, biometricUserOptionAccessible: false, bootstrapPath: /usr/local/.browserstack/co..., browserName: , browserstack.appium_version: 1.21.0, browserstack.isTargetBased: false, browserstack.is_hub_canary: false, browserstack.minOSVersion: 12.4, bundleID: com.mlhuillier.mlwallet, bundleId: com.mlhuillier.mlwallet, capabilities: {64bit: false, acceptSslCert: false, acceptSslCerts: false, automationName: XCUITest, biometricUserOptionAccessible: false, bootstrapPath: /usr/local/.browserstack/co..., browserName: , browserstack.appium_version: 1.21.0, browserstack.isTargetBased: false, browserstack.is_hub_canary: false, browserstack.minOSVersion: 12.4, bundleID: com.mlhuillier.mlwallet, bundleId: com.mlhuillier.mlwallet, custom_replay_kit_params: {"rotation":"false","captur..., databaseEnabled: false, detected_language: selenium/3.141.59 (java win..., device: iphone, deviceName: iPhone 13 Pro Max, deviceOrientation: PORTRAIT, javascriptEnabled: true, locationContextEnabled: false, mobile: {browser: mobile, version: iPhone 13 Pro Max-15.6}, networkConnectionEnabled: false, newCommandTimeout: 0, new_bucketing: true, noReset: true, orientation: PORTRAIT, orig_os: ios, platform: MAC, platformName: iOS, realMobile: true, safariIgnoreFraudWarning: true, safariInitialUrl: http://mobile-internet-chec..., sessionId: 10cc2aeea996af9844d8eca86c6..., takesScreenshot: true, udid: 00008110-00145C881ABA401E, uiautomator2ServerLaunchTimeout: 60000, useXctestrunFile: true, version: , waitForQuiescence: false, wdaStartupRetries: 3, wda_port: 8404, webStorageEnabled: false, webkitResponseTimeout: 20000}, custom_replay_kit_params: {"rotation":"false","captur..., databaseEnabled: false, detected_language: selenium/3.141.59 (java win..., device: iphone, deviceName: iPhone 13 Pro Max, deviceOrientation: PORTRAIT, javascriptEnabled: true, locationContextEnabled: false, mobile: {browser: mobile, version: iPhone 13 Pro Max-15.6}, networkConnectionEnabled: false, newCommandTimeout: 0, new_bucketing: true, noReset: true, orientation: PORTRAIT, orig_os: ios, platform: MAC, platformName: iOS, realMobile: true, safariIgnoreFraudWarning: true, safariInitialUrl: http://mobile-internet-chec..., sessionId: 10cc2aeea996af9844d8eca86c6..., takesScreenshot: true, udid: 00008110-00145C881ABA401E, uiautomator2ServerLaunchTimeout: 60000, useXctestrunFile: true, version: , waitForQuiescence: false, wdaStartupRetries: 3, wda_port: 8404, webStorageEnabled: false, webkitResponseTimeout: 20000}
Session ID: 10cc2aeea996af9844d8eca86c636db3e5d4c42a
*** Element info: {Using=xpath, value=//*[@name='9XX XXX XXXX']/XCUIElementTypeTextField}
	at com.mlwallet.test.HappyPathScripts.shopItemsReviewingItemDetailsAndFeeBeforePlacingTheOrder_SI_TC_69(HappyPathScripts.java:54)
</failure>
    <system-out><![CDATA[Reset
Reset complete
2024-03-06 14:50:40,495 [TestNG-tests-1] INFO  binary_data_logger - :::::::::Test shopItemsReviewingItemDetailsAndFeeBeforePlacingTheOrder_SI_TC_69 Started::::::::
2024-03-06 14:51:15,544 [TestNG-tests-1] INFO  binary_data_logger - Change number page is not displayed
2024-03-06 14:51:46,494 [TestNG-tests-1] INFO  binary_data_logger - null is not displayed
2024-03-06 14:51:46,495 [TestNG-tests-1] INFO  binary_data_logger - No Allow notif Pop- Up!
2024-03-06 14:52:17,894 [TestNG-tests-1] INFO  binary_data_logger - Not Typed the value 9999999934 into Mobile Number Text Field
2024-03-06 14:52:27,165 [TestNG-tests-1] INFO  binary_data_logger - RP_MESSAGE#FILE#C:\Users\MERC20~1\AppData\Local\Temp\screenshot13235240395567888361.png#Attachment
2024-03-06 14:52:34,257 [TestNG-tests-1] INFO  binary_data_logger - RP_MESSAGE#FILE#C:\Users\MERC20~1\AppData\Local\Temp\screenshot8575020222153246836.png#Attachment
2024-03-06 14:52:34,258 [TestNG-tests-1] INFO  binary_data_logger - ::::::::::Test shopItemsReviewingItemDetailsAndFeeBeforePlacingTheOrder_SI_TC_69 FAILED::::::::::
2024-03-06 14:52:34,258 [TestNG-tests-1] INFO  binary_data_logger - ::::::::::Relaunching The App::::::::::
]]></system-out>
  </testcase>
  <testcase name="topUpGamesSuccessfulLoadTransaction_TUG_TC_06" classname="com.mlwallet.test.HappyPathScripts" time="111.104">
    <failure message="Could not send text By.xpath: //*[@name=&apos;9XX XXX XXXX&apos;]/XCUIElementTypeTextField" type="java.lang.AssertionError">java.lang.AssertionError: Could not send text By.xpath: //*[@name='9XX XXX XXXX']/XCUIElementTypeTextField
	at com.mlwallet.test.HappyPathScripts.topUpGamesSuccessfulLoadTransaction_TUG_TC_06(HappyPathScripts.java:59)
Caused by: org.openqa.selenium.NoSuchElementException: 
An element could not be located on the page using the given search parameters. (WARNING: The server did not provide any stacktrace information)
Command duration or timeout: 0 milliseconds
For documentation on this error, please visit: https://www.seleniumhq.org/exceptions/no_such_element.html
Build info: version: '3.141.59', revision: 'e82be7d358', time: '2018-11-14T08:17:03'
System info: host: 'HOTGDEV094', ip: '10.0.8.68', os.name: 'Windows 11', os.arch: 'amd64', os.version: '10.0', java.version: '20.0.1'
Driver info: io.appium.java_client.ios.IOSDriver
Capabilities {64bit: false, acceptSslCert: false, acceptSslCerts: false, automationName: XCUITest, biometricUserOptionAccessible: false, bootstrapPath: /usr/local/.browserstack/co..., browserName: , browserstack.appium_version: 1.21.0, browserstack.isTargetBased: false, browserstack.is_hub_canary: false, browserstack.minOSVersion: 12.4, bundleID: com.mlhuillier.mlwallet, bundleId: com.mlhuillier.mlwallet, capabilities: {64bit: false, acceptSslCert: false, acceptSslCerts: false, automationName: XCUITest, biometricUserOptionAccessible: false, bootstrapPath: /usr/local/.browserstack/co..., browserName: , browserstack.appium_version: 1.21.0, browserstack.isTargetBased: false, browserstack.is_hub_canary: false, browserstack.minOSVersion: 12.4, bundleID: com.mlhuillier.mlwallet, bundleId: com.mlhuillier.mlwallet, custom_replay_kit_params: {"rotation":"false","captur..., databaseEnabled: false, detected_language: selenium/3.141.59 (java win..., device: iphone, deviceName: iPhone 13 Pro Max, deviceOrientation: PORTRAIT, javascriptEnabled: true, locationContextEnabled: false, mobile: {browser: mobile, version: iPhone 13 Pro Max-15.6}, networkConnectionEnabled: false, newCommandTimeout: 0, new_bucketing: true, noReset: true, orientation: PORTRAIT, orig_os: ios, platform: MAC, platformName: iOS, realMobile: true, safariIgnoreFraudWarning: true, safariInitialUrl: http://mobile-internet-chec..., sessionId: 10cc2aeea996af9844d8eca86c6..., takesScreenshot: true, udid: 00008110-00145C881ABA401E, uiautomator2ServerLaunchTimeout: 60000, useXctestrunFile: true, version: , waitForQuiescence: false, wdaStartupRetries: 3, wda_port: 8404, webStorageEnabled: false, webkitResponseTimeout: 20000}, custom_replay_kit_params: {"rotation":"false","captur..., databaseEnabled: false, detected_language: selenium/3.141.59 (java win..., device: iphone, deviceName: iPhone 13 Pro Max, deviceOrientation: PORTRAIT, javascriptEnabled: true, locationContextEnabled: false, mobile: {browser: mobile, version: iPhone 13 Pro Max-15.6}, networkConnectionEnabled: false, newCommandTimeout: 0, new_bucketing: true, noReset: true, orientation: PORTRAIT, orig_os: ios, platform: MAC, platformName: iOS, realMobile: true, safariIgnoreFraudWarning: true, safariInitialUrl: http://mobile-internet-chec..., sessionId: 10cc2aeea996af9844d8eca86c6..., takesScreenshot: true, udid: 00008110-00145C881ABA401E, uiautomator2ServerLaunchTimeout: 60000, useXctestrunFile: true, version: , waitForQuiescence: false, wdaStartupRetries: 3, wda_port: 8404, webStorageEnabled: false, webkitResponseTimeout: 20000}
Session ID: 10cc2aeea996af9844d8eca86c636db3e5d4c42a
*** Element info: {Using=xpath, value=//*[@name='9XX XXX XXXX']/XCUIElementTypeTextField}
	at com.mlwallet.test.HappyPathScripts.topUpGamesSuccessfulLoadTransaction_TUG_TC_06(HappyPathScripts.java:59)
</failure>
    <system-out><![CDATA[Reset
Reset complete
2024-03-06 14:52:42,772 [TestNG-tests-1] INFO  binary_data_logger - :::::::::Test topUpGamesSuccessfulLoadTransaction_TUG_TC_06 Started::::::::
2024-03-06 14:53:17,951 [TestNG-tests-1] INFO  binary_data_logger - Change number page is not displayed
2024-03-06 14:53:49,141 [TestNG-tests-1] INFO  binary_data_logger - null is not displayed
2024-03-06 14:53:49,141 [TestNG-tests-1] INFO  binary_data_logger - No Allow notif Pop- Up!
2024-03-06 14:54:20,873 [TestNG-tests-1] INFO  binary_data_logger - Not Typed the value 9999999934 into Mobile Number Text Field
2024-03-06 14:54:26,619 [TestNG-tests-1] INFO  binary_data_logger - RP_MESSAGE#FILE#C:\Users\MERC20~1\AppData\Local\Temp\screenshot10599360440000516357.png#Attachment
2024-03-06 14:54:33,874 [TestNG-tests-1] INFO  binary_data_logger - RP_MESSAGE#FILE#C:\Users\MERC20~1\AppData\Local\Temp\screenshot11357435875172442180.png#Attachment
2024-03-06 14:54:33,874 [TestNG-tests-1] INFO  binary_data_logger - ::::::::::Test topUpGamesSuccessfulLoadTransaction_TUG_TC_06 FAILED::::::::::
2024-03-06 14:54:33,875 [TestNG-tests-1] INFO  binary_data_logger - ::::::::::Relaunching The App::::::::::
]]></system-out>
  </testcase>
</testsuite>