<?xml version="1.0" encoding="UTF-8"?>
<!-- Generated by org.testng.reporters.JUnitReportReporter -->
<testsuite hostname="HOTGDEV094" failures="0" tests="1" name="com.mlwallet.test.HappyPathScripts" time="309.578" errors="0" timestamp="2024-03-04T15:23:27 PST" skipped="0">
  <testcase classname="com.mlwallet.test.HappyPathScripts" name="GC_SM_TC_76_Validate_Back_Home_Btn_In_GCash_View_Recent_Transaction_Dashboard_Page" time="309.578"/>
  <system-out/>
</testsuite> <!-- com.mlwallet.test.HappyPathScripts -->
