<?xml version="1.0" encoding="UTF-8"?>
<!-- Generated by org.testng.reporters.JUnitReportReporter -->
<testsuite hostname="HOTGDEV094" failures="0" tests="1" name="com.mlwallet.test.HappyPathScripts" time="353.080" errors="0" timestamp="2024-03-05T08:28:26 PST" skipped="0">
  <testcase classname="com.mlwallet.test.HappyPathScripts" name="GC_SM_TC_76_Validate_Back_Home_Btn_In_GCash_View_Recent_Transaction_Dashboard_Page" time="353.080"/>
  <system-out/>
</testsuite> <!-- com.mlwallet.test.HappyPathScripts -->
